  ZVMotion.cpp
  ZVMotor.cpp
  ZVAcsc_Controller.cpp
  ZVMotion_ACS.cpp
  ZVMotor_ACS.cpp
  ZVMotion_Virtual.cpp
  ZVMotor_Virtual.cpp
c:\users\dev\desktop\zvengine\zvlab\zvmotion\src\vendor\acs\zvmotor_acs.cpp(25): warning C4002: 함수 같은 매크로 호출 'FZLOG_FAILED'에 대해 인수가 너무 많습니다.
c:\users\dev\desktop\zvengine\zvlab\zvmotion\src\vendor\acs\zvmotor_acs.cpp(23): warning C4390: ';': 제어된 빈 문이 있습니다. 이 문이 필요합니까?
c:\users\dev\desktop\zvengine\zvlab\zvmotion\src\vendor\acs\zvmotion_acs.cpp(72): warning C4002: 함수 같은 매크로 호출 'FZLOG_FAILED'에 대해 인수가 너무 많습니다.
c:\users\dev\desktop\zvengine\zvlab\zvmotion\src\vendor\acs\zvmotion_acs.cpp(71): warning C4390: ';': 제어된 빈 문이 있습니다. 이 문이 필요합니까?
c:\users\dev\desktop\zvengine\zvlab\zvmotion\src\vendor\acs\zvmotion_acs.cpp(82): warning C4002: 함수 같은 매크로 호출 'FZLOG_FAILED'에 대해 인수가 너무 많습니다.
c:\users\dev\desktop\zvengine\zvlab\zvmotion\src\vendor\acs\zvmotion_acs.cpp(81): warning C4390: ';': 제어된 빈 문이 있습니다. 이 문이 필요합니까?
c:\users\dev\desktop\zvengine\zvlab\zvmotion\src\vendor\acs\zvmotion_acs.cpp(94): warning C4002: 함수 같은 매크로 호출 'FZLOG_FAILED'에 대해 인수가 너무 많습니다.
c:\users\dev\desktop\zvengine\zvlab\zvmotion\src\vendor\acs\zvmotion_acs.cpp(93): warning C4390: ';': 제어된 빈 문이 있습니다. 이 문이 필요합니까?
c:\users\dev\desktop\zvengine\zvlab\zvmotion\src\vendor\acs\zvmotion_acs.cpp(101): warning C4002: 함수 같은 매크로 호출 'FZLOG_FAILED'에 대해 인수가 너무 많습니다.
c:\users\dev\desktop\zvengine\zvlab\zvmotion\src\vendor\acs\zvmotion_acs.cpp(108): warning C4002: 함수 같은 매크로 호출 'FZLOG_FAILED'에 대해 인수가 너무 많습니다.
c:\users\dev\desktop\zvengine\zvlab\zvmotion\src\vendor\acs\zvmotion_acs.cpp(109): warning C4002: 함수 같은 매크로 호출 'FZLOG_FAILED'에 대해 인수가 너무 많습니다.
c:\users\dev\desktop\zvengine\zvlab\zvmotion\src\vendor\acs\zvmotion_acs.cpp(100): warning C4390: ';': 제어된 빈 문이 있습니다. 이 문이 필요합니까?
c:\users\dev\desktop\zvengine\zvlab\zvmotion\src\vendor\acs\zvmotion_acs.cpp(108): warning C4390: ';': 제어된 빈 문이 있습니다. 이 문이 필요합니까?
c:\users\dev\desktop\zvengine\zvlab\zvmotion\src\vendor\acs\zvmotion_acs.cpp(109): warning C4390: ';': 제어된 빈 문이 있습니다. 이 문이 필요합니까?
c:\users\dev\desktop\zvengine\zvlab\zvmotion\src\vendor\acs\zvmotion_acs.cpp(123): warning C4002: 함수 같은 매크로 호출 'FZLOG_FAILED'에 대해 인수가 너무 많습니다.
c:\users\dev\desktop\zvengine\zvlab\zvmotion\src\vendor\acs\zvmotion_acs.cpp(130): warning C4002: 함수 같은 매크로 호출 'FZLOG_FAILED'에 대해 인수가 너무 많습니다.
c:\users\dev\desktop\zvengine\zvlab\zvmotion\src\vendor\acs\zvmotion_acs.cpp(131): warning C4002: 함수 같은 매크로 호출 'FZLOG_FAILED'에 대해 인수가 너무 많습니다.
c:\users\dev\desktop\zvengine\zvlab\zvmotion\src\vendor\acs\zvmotion_acs.cpp(122): warning C4390: ';': 제어된 빈 문이 있습니다. 이 문이 필요합니까?
c:\users\dev\desktop\zvengine\zvlab\zvmotion\src\vendor\acs\zvmotion_acs.cpp(130): warning C4390: ';': 제어된 빈 문이 있습니다. 이 문이 필요합니까?
c:\users\dev\desktop\zvengine\zvlab\zvmotion\src\vendor\acs\zvmotion_acs.cpp(131): warning C4390: ';': 제어된 빈 문이 있습니다. 이 문이 필요합니까?
c:\users\dev\desktop\zvengine\zvlab\zvmotion\src\vendor\acs\zvmotion_acs.cpp(145): warning C4002: 함수 같은 매크로 호출 'FZLOG_FAILED'에 대해 인수가 너무 많습니다.
c:\users\dev\desktop\zvengine\zvlab\zvmotion\src\vendor\acs\zvmotion_acs.cpp(144): warning C4390: ';': 제어된 빈 문이 있습니다. 이 문이 필요합니까?
c:\users\dev\desktop\zvengine\zvlab\zvmotion\src\vendor\acs\zvmotion_acs.cpp(156): warning C4002: 함수 같은 매크로 호출 'FZLOG_FAILED'에 대해 인수가 너무 많습니다.
c:\users\dev\desktop\zvengine\zvlab\zvmotion\src\vendor\acs\zvmotion_acs.cpp(155): warning C4390: ';': 제어된 빈 문이 있습니다. 이 문이 필요합니까?
c:\users\dev\desktop\zvengine\zvlab\zvmotion\src\vendor\acs\zvmotion_acs.cpp(166): warning C4002: 함수 같은 매크로 호출 'FZLOG_FAILED'에 대해 인수가 너무 많습니다.
c:\users\dev\desktop\zvengine\zvlab\zvmotion\src\vendor\acs\zvmotion_acs.cpp(165): warning C4390: ';': 제어된 빈 문이 있습니다. 이 문이 필요합니까?
c:\users\dev\desktop\zvengine\zvlab\zvmotion\src\vendor\acs\zvacsc_controller.cpp(12): warning C4002: 함수 같은 매크로 호출 'FZLOG_FAILED'에 대해 인수가 너무 많습니다.
c:\users\dev\desktop\zvengine\zvlab\zvmotion\src\vendor\acs\zvacsc_controller.cpp(10): warning C4390: ';': 제어된 빈 문이 있습니다. 이 문이 필요합니까?
c:\users\dev\desktop\zvengine\zvlab\zvmotion\src\vendor\acs\zvacsc_controller.cpp(21): warning C4002: 함수 같은 매크로 호출 'FZLOG_FAILED'에 대해 인수가 너무 많습니다.
c:\users\dev\desktop\zvengine\zvlab\zvmotion\src\vendor\acs\zvacsc_controller.cpp(19): warning C4390: ';': 제어된 빈 문이 있습니다. 이 문이 필요합니까?
c:\users\dev\desktop\zvengine\zvlab\zvmotion\src\vendor\acs\zvacsc_controller.cpp(30): warning C4002: 함수 같은 매크로 호출 'FZLOG_FAILED'에 대해 인수가 너무 많습니다.
c:\users\dev\desktop\zvengine\zvlab\zvmotion\src\vendor\acs\zvacsc_controller.cpp(28): warning C4390: ';': 제어된 빈 문이 있습니다. 이 문이 필요합니까?
c:\users\dev\desktop\zvengine\zvlab\zvmotion\src\vendor\acs\zvacsc_controller.cpp(39): warning C4002: 함수 같은 매크로 호출 'FZLOG_FAILED'에 대해 인수가 너무 많습니다.
c:\users\dev\desktop\zvengine\zvlab\zvmotion\src\vendor\acs\zvacsc_controller.cpp(37): warning C4390: ';': 제어된 빈 문이 있습니다. 이 문이 필요합니까?
c:\users\dev\desktop\zvengine\zvlab\zvmotion\src\vendor\acs\zvacsc_controller.cpp(47): warning C4002: 함수 같은 매크로 호출 'FZLOG_FAILED'에 대해 인수가 너무 많습니다.
c:\users\dev\desktop\zvengine\zvlab\zvmotion\src\vendor\acs\zvacsc_controller.cpp(45): warning C4390: ';': 제어된 빈 문이 있습니다. 이 문이 필요합니까?
c:\users\dev\desktop\zvengine\zvlab\zvmotion\src\vendor\acs\zvacsc_controller.cpp(56): warning C4002: 함수 같은 매크로 호출 'FZLOG_FAILED'에 대해 인수가 너무 많습니다.
c:\users\dev\desktop\zvengine\zvlab\zvmotion\src\vendor\acs\zvacsc_controller.cpp(54): warning C4390: ';': 제어된 빈 문이 있습니다. 이 문이 필요합니까?
c:\users\dev\desktop\zvengine\zvlab\zvmotion\src\vendor\acs\zvacsc_controller.cpp(63): warning C4002: 함수 같은 매크로 호출 'FZLOG_FAILED'에 대해 인수가 너무 많습니다.
c:\users\dev\desktop\zvengine\zvlab\zvmotion\src\vendor\acs\zvacsc_controller.cpp(61): warning C4390: ';': 제어된 빈 문이 있습니다. 이 문이 필요합니까?
c:\users\dev\desktop\zvengine\zvlab\zvmotion\src\vendor\acs\zvacsc_controller.cpp(70): warning C4002: 함수 같은 매크로 호출 'FZLOG_FAILED'에 대해 인수가 너무 많습니다.
c:\users\dev\desktop\zvengine\zvlab\zvmotion\src\vendor\acs\zvacsc_controller.cpp(68): warning C4390: ';': 제어된 빈 문이 있습니다. 이 문이 필요합니까?
c:\users\dev\desktop\zvengine\zvlab\zvmotion\src\vendor\acs\zvacsc_controller.cpp(77): warning C4002: 함수 같은 매크로 호출 'FZLOG_FAILED'에 대해 인수가 너무 많습니다.
c:\users\dev\desktop\zvengine\zvlab\zvmotion\src\vendor\acs\zvacsc_controller.cpp(75): warning C4390: ';': 제어된 빈 문이 있습니다. 이 문이 필요합니까?
c:\users\dev\desktop\zvengine\zvlab\zvmotion\src\vendor\acs\zvacsc_controller.cpp(84): warning C4002: 함수 같은 매크로 호출 'FZLOG_FAILED'에 대해 인수가 너무 많습니다.
c:\users\dev\desktop\zvengine\zvlab\zvmotion\src\vendor\acs\zvacsc_controller.cpp(82): warning C4390: ';': 제어된 빈 문이 있습니다. 이 문이 필요합니까?
c:\users\dev\desktop\zvengine\zvlab\zvmotion\src\vendor\acs\zvacsc_controller.cpp(91): warning C4002: 함수 같은 매크로 호출 'FZLOG_FAILED'에 대해 인수가 너무 많습니다.
c:\users\dev\desktop\zvengine\zvlab\zvmotion\src\vendor\acs\zvacsc_controller.cpp(89): warning C4390: ';': 제어된 빈 문이 있습니다. 이 문이 필요합니까?
c:\users\dev\desktop\zvengine\zvlab\zvmotion\src\vendor\acs\zvacsc_controller.cpp(98): warning C4002: 함수 같은 매크로 호출 'FZLOG_FAILED'에 대해 인수가 너무 많습니다.
c:\users\dev\desktop\zvengine\zvlab\zvmotion\src\vendor\acs\zvacsc_controller.cpp(96): warning C4390: ';': 제어된 빈 문이 있습니다. 이 문이 필요합니까?
c:\users\dev\desktop\zvengine\zvlab\zvmotion\src\vendor\acs\zvacsc_controller.cpp(105): warning C4002: 함수 같은 매크로 호출 'FZLOG_FAILED'에 대해 인수가 너무 많습니다.
c:\users\dev\desktop\zvengine\zvlab\zvmotion\src\vendor\acs\zvacsc_controller.cpp(103): warning C4390: ';': 제어된 빈 문이 있습니다. 이 문이 필요합니까?
c:\users\dev\desktop\zvengine\zvlab\zvmotion\src\vendor\acs\zvacsc_controller.cpp(115): warning C4002: 함수 같은 매크로 호출 'FZLOG_FAILED'에 대해 인수가 너무 많습니다.
c:\users\dev\desktop\zvengine\zvlab\zvmotion\src\vendor\acs\zvacsc_controller.cpp(113): warning C4390: ';': 제어된 빈 문이 있습니다. 이 문이 필요합니까?
c:\users\dev\desktop\zvengine\zvlab\zvmotion\src\vendor\acs\zvacsc_controller.cpp(123): warning C4002: 함수 같은 매크로 호출 'FZLOG_FAILED'에 대해 인수가 너무 많습니다.
c:\users\dev\desktop\zvengine\zvlab\zvmotion\src\vendor\acs\zvacsc_controller.cpp(122): warning C4390: ';': 제어된 빈 문이 있습니다. 이 문이 필요합니까?
c:\users\dev\desktop\zvengine\zvlab\zvmotion\src\vendor\virtual\zvmotion_virtual.cpp(71): warning C4172: 지역 변수 또는 임시의 주소를 반환하고 있습니다.
c:\users\dev\desktop\zvengine\zvlab\zvmotion\src\vendor\virtual\zvmotor_virtual.cpp(36): warning C4172: 지역 변수 또는 임시의 주소를 반환하고 있습니다.
c:\users\dev\desktop\zvengine\zvlab\zvmotion\src\vendor\virtual\zvmotion_virtual.cpp(50): warning C4172: 지역 변수 또는 임시의 주소를 반환하고 있습니다.
FZLib.lib(bundled_fmtlib_format.obj) : warning LNK4006: "bool __cdecl fmt::v9::detail::is_printable(unsigned int)" (?is_printable@detail@v9@fmt@@YA_NI@Z)이(가) FZLib.lib(LogHelper.obj)에 이미 정의되어 있습니다. 초 정의가 무시됩니다.
FZLib.lib(spdlog.obj) : warning LNK4006: "void __cdecl spdlog::throw_spdlog_ex(class std::basic_string<char,struct std::char_traits<char>,class std::allocator<char> >)" (?throw_spdlog_ex@spdlog@@YAXV?$basic_string@DU?$char_traits@D@std@@V?$allocator@D@2@@std@@@Z)이(가) FZLib.lib(LogHelper.obj)에 이미 정의되어 있습니다. 초 정의가 무시됩니다.
  ZVMotion.vcxproj -> C:\Users\dev\Desktop\ZVEngine\ZVLab\ZVMotion\..\lib\Release\ZVMotion.lib
