c:\users\dev\desktop\zvengine\zvlab\lib\debug\debug\zvmotion\zvacsc_controller.obj
c:\users\dev\desktop\zvengine\zvlab\lib\debug\debug\zvmotion\zvmotion_virtual.obj
c:\users\dev\desktop\zvengine\zvlab\lib\debug\debug\zvmotion\zvmotion.obj
c:\users\dev\desktop\zvengine\zvlab\lib\debug\debug\zvmotion\zvmotor_acs.obj
c:\users\dev\desktop\zvengine\zvlab\lib\debug\debug\zvmotion\zvmotion_acs.obj
c:\users\dev\desktop\zvengine\zvlab\lib\debug\debug\zvmotion\zvmotor.obj
c:\users\dev\desktop\zvengine\zvlab\lib\debug\debug\zvmotion\zvmotor_virtual.obj
c:\users\dev\desktop\zvengine\zvlab\lib\debug\debug\zvmotion\zvmotion.pdb
c:\users\dev\desktop\zvengine\zvlab\lib\debug\zvmotion.lib
d:\dev\zvlab\zvengine\zvlab\lib\debug\debug\zvmotion\zvacsc_controller.obj
d:\dev\zvlab\zvengine\zvlab\lib\debug\debug\zvmotion\zvmotion.obj
d:\dev\zvlab\zvengine\zvlab\lib\debug\debug\zvmotion\zvmotion_acs.obj
d:\dev\zvlab\zvengine\zvlab\lib\debug\debug\zvmotion\zvmotion_virtual.obj
d:\dev\zvlab\zvengine\zvlab\lib\debug\debug\zvmotion\zvmotor.obj
d:\dev\zvlab\zvengine\zvlab\lib\debug\debug\zvmotion\zvmotor_acs.obj
d:\dev\zvlab\zvengine\zvlab\lib\debug\debug\zvmotion\zvmotor_virtual.obj
d:\dev\zvlab\zvengine\zvlab\lib\debug\debug\zvmotion\zvmotion.idb
d:\dev\zvlab\zvengine\zvlab\lib\debug\debug\zvmotion\zvmotion.pdb
d:\dev\zvlab\zvengine\zvlab\zvmotion\..\lib\debug\zvmotion.lib
d:\dev\zvlab\zvengine\zvlab\lib\debug\debug\zvmotion\zvmotion.tlog\cl.16364.write.1.tlog
d:\dev\zvlab\zvengine\zvlab\lib\debug\debug\zvmotion\zvmotion.tlog\cl.command.1.tlog
d:\dev\zvlab\zvengine\zvlab\lib\debug\debug\zvmotion\zvmotion.tlog\cl.read.1.tlog
d:\dev\zvlab\zvengine\zvlab\lib\debug\debug\zvmotion\zvmotion.tlog\lib-link.read.1.tlog
d:\dev\zvlab\zvengine\zvlab\lib\debug\debug\zvmotion\zvmotion.tlog\lib-link.write.1.tlog
d:\dev\zvlab\zvengine\zvlab\lib\debug\debug\zvmotion\zvmotion.tlog\lib.command.1.tlog
