d:\dev\zvlab\zvengine\zvlab\lib\debug\debug\zvui\zvbutton.obj
d:\dev\zvlab\zvengine\zvlab\lib\debug\debug\zvui\zvtexture_internal.obj
d:\dev\zvlab\zvengine\zvlab\lib\debug\debug\zvui\zvtabbar.obj
d:\dev\zvlab\zvengine\zvlab\lib\debug\debug\zvui\zvtexture.obj
d:\dev\zvlab\zvengine\zvlab\lib\debug\debug\zvui\zvprofiler.obj
d:\dev\zvlab\zvengine\zvlab\lib\debug\debug\zvui\zvimagebutton.obj
d:\dev\zvlab\zvengine\zvlab\lib\debug\debug\zvui\zvmenu.obj
d:\dev\zvlab\zvengine\zvlab\lib\debug\debug\zvui\zvimguimanager.obj
d:\dev\zvlab\zvengine\zvlab\lib\debug\debug\zvui\zvprofiler_internal.obj
d:\dev\zvlab\zvengine\zvlab\lib\debug\debug\zvui\zvimguitheme.obj
d:\dev\zvlab\zvengine\zvlab\lib\debug\debug\zvui\zvdialog.obj
d:\dev\zvlab\zvengine\zvlab\lib\debug\debug\zvui\zvui.pdb
d:\dev\zvlab\zvengine\zvlab\lib\debug\zvui.lib
d:\dev\zvlab\zvengine\zvlab\lib\debug\debug\zvui\zvui.idb
d:\dev\zvlab\zvengine\zvlab\zvui\zvui\..\..\lib\debug\zvui.lib
d:\dev\zvlab\zvengine\zvlab\lib\debug\debug\zvui\zvui.tlog\cl.10396.write.1.tlog
d:\dev\zvlab\zvengine\zvlab\lib\debug\debug\zvui\zvui.tlog\cl.command.1.tlog
d:\dev\zvlab\zvengine\zvlab\lib\debug\debug\zvui\zvui.tlog\cl.read.1.tlog
d:\dev\zvlab\zvengine\zvlab\lib\debug\debug\zvui\zvui.tlog\lib-link.read.1.tlog
d:\dev\zvlab\zvengine\zvlab\lib\debug\debug\zvui\zvui.tlog\lib-link.write.1.tlog
d:\dev\zvlab\zvengine\zvlab\lib\debug\debug\zvui\zvui.tlog\lib.command.1.tlog
