  EntryPoint.cpp
  ZVapp.cpp
  DlgClassification.cpp
  DlgDisplayWindow.cpp
  DlgParameterSetup.cpp
  DlgSidebarLeft.cpp
  ZVWindowMenu.cpp
d:\dev\zvlab\zscreen\vendor\fzlib\include\spdlog\fmt\bundled\format-inl.h(1154): warning C4307: '*': 정수 계열 상수 오버플로입니다. (소스 파일 컴파일 중 core\EntryPoint.cpp)
d:\dev\zvlab\zscreen\vendor\fzlib\include\spdlog\fmt\bundled\format-inl.h(1186): warning C4307: '*': 정수 계열 상수 오버플로입니다. (소스 파일 컴파일 중 core\EntryPoint.cpp)
d:\dev\zvlab\zscreen\vendor\fzlib\include\spdlog\fmt\bundled\format-inl.h(1207): warning C4307: '*': 정수 계열 상수 오버플로입니다. (소스 파일 컴파일 중 core\EntryPoint.cpp)
d:\dev\zvlab\zscreen\vendor\fzlib\include\spdlog\fmt\bundled\format-inl.h(1154): warning C4307: '*': 정수 계열 상수 오버플로입니다. (소스 파일 컴파일 중 src\Layers\ZVWindowMenu.cpp)
d:\dev\zvlab\zscreen\vendor\fzlib\include\spdlog\fmt\bundled\format-inl.h(1186): warning C4307: '*': 정수 계열 상수 오버플로입니다. (소스 파일 컴파일 중 src\Layers\ZVWindowMenu.cpp)
d:\dev\zvlab\zscreen\vendor\fzlib\include\spdlog\fmt\bundled\format-inl.h(1207): warning C4307: '*': 정수 계열 상수 오버플로입니다. (소스 파일 컴파일 중 src\Layers\ZVWindowMenu.cpp)
d:\dev\zvlab\zscreen\vendor\fzlib\include\spdlog\fmt\bundled\format-inl.h(1154): warning C4307: '*': 정수 계열 상수 오버플로입니다. (소스 파일 컴파일 중 src\Dlg\DlgClassification.cpp)
d:\dev\zvlab\zscreen\vendor\fzlib\include\spdlog\fmt\bundled\format-inl.h(1186): warning C4307: '*': 정수 계열 상수 오버플로입니다. (소스 파일 컴파일 중 src\Dlg\DlgClassification.cpp)
d:\dev\zvlab\zscreen\vendor\fzlib\include\spdlog\fmt\bundled\format-inl.h(1207): warning C4307: '*': 정수 계열 상수 오버플로입니다. (소스 파일 컴파일 중 src\Dlg\DlgClassification.cpp)
d:\dev\zvlab\zscreen\vendor\fzlib\include\spdlog\fmt\bundled\format-inl.h(1154): warning C4307: '*': 정수 계열 상수 오버플로입니다. (소스 파일 컴파일 중 src\Dlg\DlgSidebarLeft.cpp)
d:\dev\zvlab\zscreen\vendor\fzlib\include\spdlog\fmt\bundled\format-inl.h(1186): warning C4307: '*': 정수 계열 상수 오버플로입니다. (소스 파일 컴파일 중 src\Dlg\DlgSidebarLeft.cpp)
d:\dev\zvlab\zscreen\vendor\fzlib\include\spdlog\fmt\bundled\format-inl.h(1207): warning C4307: '*': 정수 계열 상수 오버플로입니다. (소스 파일 컴파일 중 src\Dlg\DlgSidebarLeft.cpp)
d:\dev\zvlab\zscreen\vendor\fzlib\include\spdlog\fmt\bundled\format-inl.h(1154): warning C4307: '*': 정수 계열 상수 오버플로입니다. (소스 파일 컴파일 중 src\Dlg\DlgDisplayWindow.cpp)
d:\dev\zvlab\zscreen\vendor\fzlib\include\spdlog\fmt\bundled\format-inl.h(1186): warning C4307: '*': 정수 계열 상수 오버플로입니다. (소스 파일 컴파일 중 src\Dlg\DlgDisplayWindow.cpp)
d:\dev\zvlab\zscreen\vendor\fzlib\include\spdlog\fmt\bundled\format-inl.h(1207): warning C4307: '*': 정수 계열 상수 오버플로입니다. (소스 파일 컴파일 중 src\Dlg\DlgDisplayWindow.cpp)
d:\dev\zvlab\zscreen\vendor\fzlib\include\spdlog\details\circular_q.h : warning C4819: 현재 코드 페이지(949)에서 표시할 수 없는 문자가 파일에 들어 있습니다. 데이터가 손실되지 않게 하려면 해당 파일을 유니코드 형식으로 저장하십시오. (소스 파일 컴파일 중 core\EntryPoint.cpp)
d:\dev\zvlab\zscreen\vendor\fzlib\include\spdlog\fmt\bundled\format-inl.h(1154): warning C4307: '*': 정수 계열 상수 오버플로입니다. (소스 파일 컴파일 중 core\ZVapp.cpp)
d:\dev\zvlab\zscreen\vendor\fzlib\include\spdlog\fmt\bundled\format-inl.h(1186): warning C4307: '*': 정수 계열 상수 오버플로입니다. (소스 파일 컴파일 중 core\ZVapp.cpp)
d:\dev\zvlab\zscreen\vendor\fzlib\include\spdlog\fmt\bundled\format-inl.h(1207): warning C4307: '*': 정수 계열 상수 오버플로입니다. (소스 파일 컴파일 중 core\ZVapp.cpp)
d:\dev\zvlab\zscreen\vendor\fzlib\include\spdlog\details\circular_q.h : warning C4819: 현재 코드 페이지(949)에서 표시할 수 없는 문자가 파일에 들어 있습니다. 데이터가 손실되지 않게 하려면 해당 파일을 유니코드 형식으로 저장하십시오. (소스 파일 컴파일 중 src\Layers\ZVWindowMenu.cpp)
d:\dev\zvlab\zscreen\vendor\fzlib\include\spdlog\details\circular_q.h : warning C4819: 현재 코드 페이지(949)에서 표시할 수 없는 문자가 파일에 들어 있습니다. 데이터가 손실되지 않게 하려면 해당 파일을 유니코드 형식으로 저장하십시오. (소스 파일 컴파일 중 src\Dlg\DlgSidebarLeft.cpp)
d:\dev\zvlab\zscreen\vendor\fzlib\include\spdlog\details\circular_q.h : warning C4819: 현재 코드 페이지(949)에서 표시할 수 없는 문자가 파일에 들어 있습니다. 데이터가 손실되지 않게 하려면 해당 파일을 유니코드 형식으로 저장하십시오. (소스 파일 컴파일 중 src\Dlg\DlgDisplayWindow.cpp)
d:\dev\zvlab\zscreen\vendor\fzlib\include\spdlog\details\circular_q.h : warning C4819: 현재 코드 페이지(949)에서 표시할 수 없는 문자가 파일에 들어 있습니다. 데이터가 손실되지 않게 하려면 해당 파일을 유니코드 형식으로 저장하십시오. (소스 파일 컴파일 중 src\Dlg\DlgClassification.cpp)
d:\dev\zvlab\zscreen\vendor\fzlib\include\spdlog\details\circular_q.h : warning C4819: 현재 코드 페이지(949)에서 표시할 수 없는 문자가 파일에 들어 있습니다. 데이터가 손실되지 않게 하려면 해당 파일을 유니코드 형식으로 저장하십시오. (소스 파일 컴파일 중 core\ZVapp.cpp)
d:\dev\zvlab\zscreen\vendor\fzlib\include\spdlog\fmt\bundled\format-inl.h(1154): warning C4307: '*': 정수 계열 상수 오버플로입니다. (소스 파일 컴파일 중 src\Dlg\DlgParameterSetup.cpp)
d:\dev\zvlab\zscreen\vendor\fzlib\include\spdlog\fmt\bundled\format-inl.h(1186): warning C4307: '*': 정수 계열 상수 오버플로입니다. (소스 파일 컴파일 중 src\Dlg\DlgParameterSetup.cpp)
d:\dev\zvlab\zscreen\vendor\fzlib\include\spdlog\fmt\bundled\format-inl.h(1207): warning C4307: '*': 정수 계열 상수 오버플로입니다. (소스 파일 컴파일 중 src\Dlg\DlgParameterSetup.cpp)
d:\dev\zvlab\zscreen\vendor\fzlib\include\spdlog\details\circular_q.h : warning C4819: 현재 코드 페이지(949)에서 표시할 수 없는 문자가 파일에 들어 있습니다. 데이터가 손실되지 않게 하려면 해당 파일을 유니코드 형식으로 저장하십시오. (소스 파일 컴파일 중 src\Dlg\DlgParameterSetup.cpp)
d:\dev\zvlab\zscreen\vendor\opencv2\include\opencv2\core.hpp(1742): warning C4819: 현재 코드 페이지(949)에서 표시할 수 없는 문자가 파일에 들어 있습니다. 데이터가 손실되지 않게 하려면 해당 파일을 유니코드 형식으로 저장하십시오. (소스 파일 컴파일 중 core\EntryPoint.cpp)
d:\dev\zvlab\zscreen\vendor\opencv2\include\opencv2\core.hpp(1742): warning C4819: 현재 코드 페이지(949)에서 표시할 수 없는 문자가 파일에 들어 있습니다. 데이터가 손실되지 않게 하려면 해당 파일을 유니코드 형식으로 저장하십시오. (소스 파일 컴파일 중 core\EntryPoint.cpp)
d:\dev\zvlab\zscreen\vendor\opencv2\include\opencv2\core.hpp(1742): warning C4819: 현재 코드 페이지(949)에서 표시할 수 없는 문자가 파일에 들어 있습니다. 데이터가 손실되지 않게 하려면 해당 파일을 유니코드 형식으로 저장하십시오. (소스 파일 컴파일 중 core\EntryPoint.cpp)
d:\dev\zvlab\zscreen\vendor\opencv2\include\opencv2\core.hpp(1742): warning C4819: 현재 코드 페이지(949)에서 표시할 수 없는 문자가 파일에 들어 있습니다. 데이터가 손실되지 않게 하려면 해당 파일을 유니코드 형식으로 저장하십시오. (소스 파일 컴파일 중 src\Dlg\DlgDisplayWindow.cpp)
d:\dev\zvlab\zscreen\vendor\opencv2\include\opencv2\core.hpp(1742): warning C4819: 현재 코드 페이지(949)에서 표시할 수 없는 문자가 파일에 들어 있습니다. 데이터가 손실되지 않게 하려면 해당 파일을 유니코드 형식으로 저장하십시오. (소스 파일 컴파일 중 src\Layers\ZVWindowMenu.cpp)
d:\dev\zvlab\zscreen\vendor\opencv2\include\opencv2\core.hpp(1742): warning C4819: 현재 코드 페이지(949)에서 표시할 수 없는 문자가 파일에 들어 있습니다. 데이터가 손실되지 않게 하려면 해당 파일을 유니코드 형식으로 저장하십시오. (소스 파일 컴파일 중 src\Dlg\DlgSidebarLeft.cpp)
d:\dev\zvlab\zscreen\vendor\opencv2\include\opencv2\core.hpp(1742): warning C4819: 현재 코드 페이지(949)에서 표시할 수 없는 문자가 파일에 들어 있습니다. 데이터가 손실되지 않게 하려면 해당 파일을 유니코드 형식으로 저장하십시오. (소스 파일 컴파일 중 src\Dlg\DlgClassification.cpp)
d:\dev\zvlab\zscreen\vendor\opencv2\include\opencv2\core.hpp(1742): warning C4819: 현재 코드 페이지(949)에서 표시할 수 없는 문자가 파일에 들어 있습니다. 데이터가 손실되지 않게 하려면 해당 파일을 유니코드 형식으로 저장하십시오. (소스 파일 컴파일 중 src\Dlg\DlgDisplayWindow.cpp)
d:\dev\zvlab\zscreen\vendor\opencv2\include\opencv2\core.hpp(1742): warning C4819: 현재 코드 페이지(949)에서 표시할 수 없는 문자가 파일에 들어 있습니다. 데이터가 손실되지 않게 하려면 해당 파일을 유니코드 형식으로 저장하십시오. (소스 파일 컴파일 중 src\Dlg\DlgDisplayWindow.cpp)
d:\dev\zvlab\zscreen\vendor\opencv2\include\opencv2\core.hpp(1742): warning C4819: 현재 코드 페이지(949)에서 표시할 수 없는 문자가 파일에 들어 있습니다. 데이터가 손실되지 않게 하려면 해당 파일을 유니코드 형식으로 저장하십시오. (소스 파일 컴파일 중 src\Layers\ZVWindowMenu.cpp)
d:\dev\zvlab\zscreen\vendor\opencv2\include\opencv2\core.hpp(1742): warning C4819: 현재 코드 페이지(949)에서 표시할 수 없는 문자가 파일에 들어 있습니다. 데이터가 손실되지 않게 하려면 해당 파일을 유니코드 형식으로 저장하십시오. (소스 파일 컴파일 중 src\Dlg\DlgSidebarLeft.cpp)
d:\dev\zvlab\zscreen\vendor\opencv2\include\opencv2\core.hpp(1742): warning C4819: 현재 코드 페이지(949)에서 표시할 수 없는 문자가 파일에 들어 있습니다. 데이터가 손실되지 않게 하려면 해당 파일을 유니코드 형식으로 저장하십시오. (소스 파일 컴파일 중 core\ZVapp.cpp)
d:\dev\zvlab\zscreen\vendor\opencv2\include\opencv2\core.hpp(1742): warning C4819: 현재 코드 페이지(949)에서 표시할 수 없는 문자가 파일에 들어 있습니다. 데이터가 손실되지 않게 하려면 해당 파일을 유니코드 형식으로 저장하십시오. (소스 파일 컴파일 중 src\Layers\ZVWindowMenu.cpp)
d:\dev\zvlab\zscreen\vendor\opencv2\include\opencv2\core.hpp(1742): warning C4819: 현재 코드 페이지(949)에서 표시할 수 없는 문자가 파일에 들어 있습니다. 데이터가 손실되지 않게 하려면 해당 파일을 유니코드 형식으로 저장하십시오. (소스 파일 컴파일 중 src\Dlg\DlgSidebarLeft.cpp)
d:\dev\zvlab\zscreen\vendor\opencv2\include\opencv2\core.hpp(1742): warning C4819: 현재 코드 페이지(949)에서 표시할 수 없는 문자가 파일에 들어 있습니다. 데이터가 손실되지 않게 하려면 해당 파일을 유니코드 형식으로 저장하십시오. (소스 파일 컴파일 중 src\Dlg\DlgClassification.cpp)
d:\dev\zvlab\zscreen\vendor\opencv2\include\opencv2\core.hpp(1742): warning C4819: 현재 코드 페이지(949)에서 표시할 수 없는 문자가 파일에 들어 있습니다. 데이터가 손실되지 않게 하려면 해당 파일을 유니코드 형식으로 저장하십시오. (소스 파일 컴파일 중 src\Dlg\DlgClassification.cpp)
d:\dev\zvlab\zscreen\vendor\opencv2\include\opencv2\core.hpp(1742): warning C4819: 현재 코드 페이지(949)에서 표시할 수 없는 문자가 파일에 들어 있습니다. 데이터가 손실되지 않게 하려면 해당 파일을 유니코드 형식으로 저장하십시오. (소스 파일 컴파일 중 core\ZVapp.cpp)
d:\dev\zvlab\zscreen\vendor\opencv2\include\opencv2\core.hpp(1742): warning C4819: 현재 코드 페이지(949)에서 표시할 수 없는 문자가 파일에 들어 있습니다. 데이터가 손실되지 않게 하려면 해당 파일을 유니코드 형식으로 저장하십시오. (소스 파일 컴파일 중 core\ZVapp.cpp)
d:\dev\zvlab\zscreen\vendor\opencv2\include\opencv2\core.hpp(1742): warning C4819: 현재 코드 페이지(949)에서 표시할 수 없는 문자가 파일에 들어 있습니다. 데이터가 손실되지 않게 하려면 해당 파일을 유니코드 형식으로 저장하십시오. (소스 파일 컴파일 중 src\Dlg\DlgParameterSetup.cpp)
d:\dev\zvlab\zscreen\vendor\opencv2\include\opencv2\core.hpp(1742): warning C4819: 현재 코드 페이지(949)에서 표시할 수 없는 문자가 파일에 들어 있습니다. 데이터가 손실되지 않게 하려면 해당 파일을 유니코드 형식으로 저장하십시오. (소스 파일 컴파일 중 src\Dlg\DlgParameterSetup.cpp)
d:\dev\zvlab\zscreen\vendor\opencv2\include\opencv2\core.hpp(1742): warning C4819: 현재 코드 페이지(949)에서 표시할 수 없는 문자가 파일에 들어 있습니다. 데이터가 손실되지 않게 하려면 해당 파일을 유니코드 형식으로 저장하십시오. (소스 파일 컴파일 중 src\Dlg\DlgParameterSetup.cpp)
d:\dev\zvlab\zscreen\vendor\glfw\include\glfw\glfw3.h(3172): warning C4819: 현재 코드 페이지(949)에서 표시할 수 없는 문자가 파일에 들어 있습니다. 데이터가 손실되지 않게 하려면 해당 파일을 유니코드 형식으로 저장하십시오. (소스 파일 컴파일 중 core\EntryPoint.cpp)
d:\dev\zvlab\zscreen\vendor\glfw\include\glfw\glfw3.h(3172): warning C4819: 현재 코드 페이지(949)에서 표시할 수 없는 문자가 파일에 들어 있습니다. 데이터가 손실되지 않게 하려면 해당 파일을 유니코드 형식으로 저장하십시오. (소스 파일 컴파일 중 src\Dlg\DlgDisplayWindow.cpp)
d:\dev\zvlab\zscreen\vendor\glfw\include\glfw\glfw3.h(3172): warning C4819: 현재 코드 페이지(949)에서 표시할 수 없는 문자가 파일에 들어 있습니다. 데이터가 손실되지 않게 하려면 해당 파일을 유니코드 형식으로 저장하십시오. (소스 파일 컴파일 중 src\Dlg\DlgSidebarLeft.cpp)
d:\dev\zvlab\zscreen\vendor\glfw\include\glfw\glfw3.h(3172): warning C4819: 현재 코드 페이지(949)에서 표시할 수 없는 문자가 파일에 들어 있습니다. 데이터가 손실되지 않게 하려면 해당 파일을 유니코드 형식으로 저장하십시오. (소스 파일 컴파일 중 src\Dlg\DlgClassification.cpp)
d:\dev\zvlab\zscreen\vendor\glfw\include\glfw\glfw3.h(3172): warning C4819: 현재 코드 페이지(949)에서 표시할 수 없는 문자가 파일에 들어 있습니다. 데이터가 손실되지 않게 하려면 해당 파일을 유니코드 형식으로 저장하십시오. (소스 파일 컴파일 중 core\ZVapp.cpp)
d:\dev\zvlab\zscreen\vendor\glfw\include\glfw\glfw3.h(3172): warning C4819: 현재 코드 페이지(949)에서 표시할 수 없는 문자가 파일에 들어 있습니다. 데이터가 손실되지 않게 하려면 해당 파일을 유니코드 형식으로 저장하십시오. (소스 파일 컴파일 중 src\Layers\ZVWindowMenu.cpp)
d:\dev\zvlab\zscreen\vendor\glfw\include\glfw\glfw3.h(3172): warning C4819: 현재 코드 페이지(949)에서 표시할 수 없는 문자가 파일에 들어 있습니다. 데이터가 손실되지 않게 하려면 해당 파일을 유니코드 형식으로 저장하십시오. (소스 파일 컴파일 중 src\Dlg\DlgParameterSetup.cpp)
d:\dev\zvlab\zscreen\zvcore\zvcore\src\platform\imgui\export\zvguiconfig.h(785): warning C4067: 전처리기 지시문 다음에 예기치 않은 토큰이 있습니다. 줄 바꿈 문자가 필요합니다. (소스 파일 컴파일 중 src\Dlg\DlgParameterSetup.cpp)
d:\dev\zvlab\zscreen\zvcore\zvcore\src\platform\imgui\export\zvguiconfig.h(814): warning C4067: 전처리기 지시문 다음에 예기치 않은 토큰이 있습니다. 줄 바꿈 문자가 필요합니다. (소스 파일 컴파일 중 src\Dlg\DlgParameterSetup.cpp)
d:\dev\zvlab\zscreen\zvcore\zvcore\src\platform\imgui\export\zvdialog.h(74): warning C4244: 'return': 'const float'에서 'int'(으)로 변환하면서 데이터가 손실될 수 있습니다. (소스 파일 컴파일 중 src\Dlg\DlgParameterSetup.cpp)
d:\dev\zvlab\zscreen\zvcore\zvcore\src\platform\imgui\export\zvdialog.h(80): warning C4244: 'return': 'const float'에서 'int'(으)로 변환하면서 데이터가 손실될 수 있습니다. (소스 파일 컴파일 중 src\Dlg\DlgParameterSetup.cpp)
d:\dev\zvlab\zscreen\zvcore\zvcore\src\platform\imgui\export\zvguiconfig.h(785): warning C4067: 전처리기 지시문 다음에 예기치 않은 토큰이 있습니다. 줄 바꿈 문자가 필요합니다. (소스 파일 컴파일 중 core\EntryPoint.cpp)
d:\dev\zvlab\zscreen\zvcore\zvcore\src\platform\imgui\export\zvguiconfig.h(814): warning C4067: 전처리기 지시문 다음에 예기치 않은 토큰이 있습니다. 줄 바꿈 문자가 필요합니다. (소스 파일 컴파일 중 core\EntryPoint.cpp)
d:\dev\zvlab\zscreen\zvcore\zvcore\src\platform\imgui\export\zvguiconfig.h(785): warning C4067: 전처리기 지시문 다음에 예기치 않은 토큰이 있습니다. 줄 바꿈 문자가 필요합니다. (소스 파일 컴파일 중 src\Dlg\DlgDisplayWindow.cpp)
d:\dev\zvlab\zscreen\zvcore\zvcore\src\platform\imgui\export\zvguiconfig.h(814): warning C4067: 전처리기 지시문 다음에 예기치 않은 토큰이 있습니다. 줄 바꿈 문자가 필요합니다. (소스 파일 컴파일 중 src\Dlg\DlgDisplayWindow.cpp)
d:\dev\zvlab\zscreen\zvcore\zvcore\src\platform\imgui\export\zvtableheader.h(41): warning C4267: 'return': 'size_t'에서 'unsigned int'(으)로 변환하면서 데이터가 손실될 수 있습니다. (소스 파일 컴파일 중 src\Dlg\DlgParameterSetup.cpp)
d:\dev\zvlab\zscreen\zvcore\zvcore\src\platform\imgui\export\zvdialog.h(74): warning C4244: 'return': 'const float'에서 'int'(으)로 변환하면서 데이터가 손실될 수 있습니다. (소스 파일 컴파일 중 core\EntryPoint.cpp)
d:\dev\zvlab\zscreen\zvcore\zvcore\src\platform\imgui\export\zvdialog.h(80): warning C4244: 'return': 'const float'에서 'int'(으)로 변환하면서 데이터가 손실될 수 있습니다. (소스 파일 컴파일 중 core\EntryPoint.cpp)
d:\dev\zvlab\zscreen\zvcore\zvcore\src\platform\imgui\export\zvdialog.h(74): warning C4244: 'return': 'const float'에서 'int'(으)로 변환하면서 데이터가 손실될 수 있습니다. (소스 파일 컴파일 중 src\Dlg\DlgDisplayWindow.cpp)
d:\dev\zvlab\zscreen\zvcore\zvcore\src\platform\imgui\export\zvdialog.h(80): warning C4244: 'return': 'const float'에서 'int'(으)로 변환하면서 데이터가 손실될 수 있습니다. (소스 파일 컴파일 중 src\Dlg\DlgDisplayWindow.cpp)
d:\dev\zvlab\zscreen\zvcore\zvcore\src\platform\imgui\export\zvprofiler.h(38): warning C4099: 'ZVLab::TzvTimeStep': 처음에는 'class'을(를) 사용하여 형식 이름을 표시했는데 이제는 'struct'을(를) 사용하여 표시합니다. (소스 파일 컴파일 중 src\Dlg\DlgParameterSetup.cpp)
  d:\dev\zvlab\zscreen\zvcore\zvcore\src\platform\imgui\export\zvprofiler.h(37): note: 'ZVLab::TzvTimeStep' 선언을 참조하십시오. (소스 파일 컴파일 중 src\Dlg\DlgParameterSetup.cpp)
d:\dev\zvlab\zscreen\zvcore\zvcore\src\platform\imgui\export\zvtableheader.h(41): warning C4267: 'return': 'size_t'에서 'unsigned int'(으)로 변환하면서 데이터가 손실될 수 있습니다. (소스 파일 컴파일 중 core\EntryPoint.cpp)
d:\dev\zvlab\zscreen\zvcore\zvcore\src\platform\imgui\export\zvtableheader.h(41): warning C4267: 'return': 'size_t'에서 'unsigned int'(으)로 변환하면서 데이터가 손실될 수 있습니다. (소스 파일 컴파일 중 src\Dlg\DlgDisplayWindow.cpp)
d:\dev\zvlab\zscreen\zvcore\zvcore\src\platform\imgui\export\zvguiconfig.h(785): warning C4067: 전처리기 지시문 다음에 예기치 않은 토큰이 있습니다. 줄 바꿈 문자가 필요합니다. (소스 파일 컴파일 중 src\Dlg\DlgSidebarLeft.cpp)
d:\dev\zvlab\zscreen\zvcore\zvcore\src\platform\imgui\export\zvguiconfig.h(814): warning C4067: 전처리기 지시문 다음에 예기치 않은 토큰이 있습니다. 줄 바꿈 문자가 필요합니다. (소스 파일 컴파일 중 src\Dlg\DlgSidebarLeft.cpp)
d:\dev\zvlab\zscreen\zvcore\zvcore\src\platform\imgui\export\zvprofiler.h(38): warning C4099: 'ZVLab::TzvTimeStep': 처음에는 'class'을(를) 사용하여 형식 이름을 표시했는데 이제는 'struct'을(를) 사용하여 표시합니다. (소스 파일 컴파일 중 core\EntryPoint.cpp)
  d:\dev\zvlab\zscreen\zvcore\zvcore\src\platform\imgui\export\zvprofiler.h(37): note: 'ZVLab::TzvTimeStep' 선언을 참조하십시오. (소스 파일 컴파일 중 core\EntryPoint.cpp)
d:\dev\zvlab\zscreen\zvcore\zvcore\src\platform\imgui\export\zvdialog.h(74): warning C4244: 'return': 'const float'에서 'int'(으)로 변환하면서 데이터가 손실될 수 있습니다. (소스 파일 컴파일 중 src\Dlg\DlgSidebarLeft.cpp)
d:\dev\zvlab\zscreen\zvcore\zvcore\src\platform\imgui\export\zvdialog.h(80): warning C4244: 'return': 'const float'에서 'int'(으)로 변환하면서 데이터가 손실될 수 있습니다. (소스 파일 컴파일 중 src\Dlg\DlgSidebarLeft.cpp)
d:\dev\zvlab\zscreen\zvcore\zvcore\src\platform\imgui\export\zvprofiler.h(38): warning C4099: 'ZVLab::TzvTimeStep': 처음에는 'class'을(를) 사용하여 형식 이름을 표시했는데 이제는 'struct'을(를) 사용하여 표시합니다. (소스 파일 컴파일 중 src\Dlg\DlgDisplayWindow.cpp)
  d:\dev\zvlab\zscreen\zvcore\zvcore\src\platform\imgui\export\zvprofiler.h(37): note: 'ZVLab::TzvTimeStep' 선언을 참조하십시오. (소스 파일 컴파일 중 src\Dlg\DlgDisplayWindow.cpp)
d:\dev\zvlab\zscreen\zvcore\zvcore\src\platform\imgui\export\zvguiconfig.h(785): warning C4067: 전처리기 지시문 다음에 예기치 않은 토큰이 있습니다. 줄 바꿈 문자가 필요합니다. (소스 파일 컴파일 중 core\ZVapp.cpp)
d:\dev\zvlab\zscreen\zvcore\zvcore\src\platform\imgui\export\zvguiconfig.h(814): warning C4067: 전처리기 지시문 다음에 예기치 않은 토큰이 있습니다. 줄 바꿈 문자가 필요합니다. (소스 파일 컴파일 중 core\ZVapp.cpp)
d:\dev\zvlab\zscreen\zvengine\zvengine\src\dlg\dlgdisplaywindow.cpp(73): warning C4244: '=': 'int'에서 'float'(으)로 변환하면서 데이터가 손실될 수 있습니다.
d:\dev\zvlab\zscreen\zvengine\zvengine\src\dlg\dlgdisplaywindow.cpp(74): warning C4244: '=': 'int'에서 'float'(으)로 변환하면서 데이터가 손실될 수 있습니다.
d:\dev\zvlab\zscreen\zvcore\zvcore\src\platform\imgui\export\zvguiconfig.h(785): warning C4067: 전처리기 지시문 다음에 예기치 않은 토큰이 있습니다. 줄 바꿈 문자가 필요합니다. (소스 파일 컴파일 중 src\Dlg\DlgClassification.cpp)
d:\dev\zvlab\zscreen\zvcore\zvcore\src\platform\imgui\export\zvguiconfig.h(814): warning C4067: 전처리기 지시문 다음에 예기치 않은 토큰이 있습니다. 줄 바꿈 문자가 필요합니다. (소스 파일 컴파일 중 src\Dlg\DlgClassification.cpp)
d:\dev\zvlab\zscreen\zvcore\zvcore\src\platform\imgui\export\zvtableheader.h(41): warning C4267: 'return': 'size_t'에서 'unsigned int'(으)로 변환하면서 데이터가 손실될 수 있습니다. (소스 파일 컴파일 중 src\Dlg\DlgSidebarLeft.cpp)
d:\dev\zvlab\zscreen\zvcore\zvcore\src\platform\imgui\export\zvdialog.h(74): warning C4244: 'return': 'const float'에서 'int'(으)로 변환하면서 데이터가 손실될 수 있습니다. (소스 파일 컴파일 중 core\ZVapp.cpp)
d:\dev\zvlab\zscreen\zvcore\zvcore\src\platform\imgui\export\zvdialog.h(80): warning C4244: 'return': 'const float'에서 'int'(으)로 변환하면서 데이터가 손실될 수 있습니다. (소스 파일 컴파일 중 core\ZVapp.cpp)
d:\dev\zvlab\zscreen\zvcore\zvcore\src\platform\imgui\export\zvdialog.h(74): warning C4244: 'return': 'const float'에서 'int'(으)로 변환하면서 데이터가 손실될 수 있습니다. (소스 파일 컴파일 중 src\Dlg\DlgClassification.cpp)
d:\dev\zvlab\zscreen\zvcore\zvcore\src\platform\imgui\export\zvdialog.h(80): warning C4244: 'return': 'const float'에서 'int'(으)로 변환하면서 데이터가 손실될 수 있습니다. (소스 파일 컴파일 중 src\Dlg\DlgClassification.cpp)
d:\dev\zvlab\zscreen\zvcore\zvcore\src\platform\imgui\export\zvtableheader.h(41): warning C4267: 'return': 'size_t'에서 'unsigned int'(으)로 변환하면서 데이터가 손실될 수 있습니다. (소스 파일 컴파일 중 core\ZVapp.cpp)
d:\dev\zvlab\zscreen\zvcore\zvcore\src\platform\imgui\export\zvprofiler.h(38): warning C4099: 'ZVLab::TzvTimeStep': 처음에는 'class'을(를) 사용하여 형식 이름을 표시했는데 이제는 'struct'을(를) 사용하여 표시합니다. (소스 파일 컴파일 중 src\Dlg\DlgSidebarLeft.cpp)
  d:\dev\zvlab\zscreen\zvcore\zvcore\src\platform\imgui\export\zvprofiler.h(37): note: 'ZVLab::TzvTimeStep' 선언을 참조하십시오. (소스 파일 컴파일 중 src\Dlg\DlgSidebarLeft.cpp)
d:\dev\zvlab\zscreen\zvcore\zvcore\src\platform\imgui\export\zvguiconfig.h(785): warning C4067: 전처리기 지시문 다음에 예기치 않은 토큰이 있습니다. 줄 바꿈 문자가 필요합니다. (소스 파일 컴파일 중 src\Layers\ZVWindowMenu.cpp)
d:\dev\zvlab\zscreen\zvcore\zvcore\src\platform\imgui\export\zvguiconfig.h(814): warning C4067: 전처리기 지시문 다음에 예기치 않은 토큰이 있습니다. 줄 바꿈 문자가 필요합니다. (소스 파일 컴파일 중 src\Layers\ZVWindowMenu.cpp)
d:\dev\zvlab\zscreen\zvcore\zvcore\src\platform\imgui\export\zvtableheader.h(41): warning C4267: 'return': 'size_t'에서 'unsigned int'(으)로 변환하면서 데이터가 손실될 수 있습니다. (소스 파일 컴파일 중 src\Dlg\DlgClassification.cpp)
d:\dev\zvlab\zscreen\zvcore\zvcore\src\platform\imgui\export\zvdialog.h(74): warning C4244: 'return': 'const float'에서 'int'(으)로 변환하면서 데이터가 손실될 수 있습니다. (소스 파일 컴파일 중 src\Layers\ZVWindowMenu.cpp)
d:\dev\zvlab\zscreen\zvcore\zvcore\src\platform\imgui\export\zvdialog.h(80): warning C4244: 'return': 'const float'에서 'int'(으)로 변환하면서 데이터가 손실될 수 있습니다. (소스 파일 컴파일 중 src\Layers\ZVWindowMenu.cpp)
d:\dev\zvlab\zscreen\zvcore\zvcore\src\platform\imgui\export\zvprofiler.h(38): warning C4099: 'ZVLab::TzvTimeStep': 처음에는 'class'을(를) 사용하여 형식 이름을 표시했는데 이제는 'struct'을(를) 사용하여 표시합니다. (소스 파일 컴파일 중 core\ZVapp.cpp)
  d:\dev\zvlab\zscreen\zvcore\zvcore\src\platform\imgui\export\zvprofiler.h(37): note: 'ZVLab::TzvTimeStep' 선언을 참조하십시오. (소스 파일 컴파일 중 core\ZVapp.cpp)
d:\dev\zvlab\zscreen\zvcore\zvcore\src\platform\imgui\export\zvprofiler.h(38): warning C4099: 'ZVLab::TzvTimeStep': 처음에는 'class'을(를) 사용하여 형식 이름을 표시했는데 이제는 'struct'을(를) 사용하여 표시합니다. (소스 파일 컴파일 중 src\Dlg\DlgClassification.cpp)
  d:\dev\zvlab\zscreen\zvcore\zvcore\src\platform\imgui\export\zvprofiler.h(37): note: 'ZVLab::TzvTimeStep' 선언을 참조하십시오. (소스 파일 컴파일 중 src\Dlg\DlgClassification.cpp)
d:\dev\zvlab\zscreen\zvengine\zvengine\src\dlg\dlgclassification.cpp(81): warning C4267: '=': 'size_t'에서 'int'(으)로 변환하면서 데이터가 손실될 수 있습니다.
d:\dev\zvlab\zscreen\zvengine\zvengine\src\dlg\dlgclassification.cpp(82): warning C4267: '=': 'size_t'에서 'int'(으)로 변환하면서 데이터가 손실될 수 있습니다.
d:\dev\zvlab\zscreen\zvcore\zvcore\src\platform\imgui\export\zvtableheader.h(41): warning C4267: 'return': 'size_t'에서 'unsigned int'(으)로 변환하면서 데이터가 손실될 수 있습니다. (소스 파일 컴파일 중 src\Layers\ZVWindowMenu.cpp)
d:\dev\zvlab\zscreen\zvcore\zvcore\src\platform\imgui\export\zvprofiler.h(38): warning C4099: 'ZVLab::TzvTimeStep': 처음에는 'class'을(를) 사용하여 형식 이름을 표시했는데 이제는 'struct'을(를) 사용하여 표시합니다. (소스 파일 컴파일 중 src\Layers\ZVWindowMenu.cpp)
  d:\dev\zvlab\zscreen\zvcore\zvcore\src\platform\imgui\export\zvprofiler.h(37): note: 'ZVLab::TzvTimeStep' 선언을 참조하십시오. (소스 파일 컴파일 중 src\Layers\ZVWindowMenu.cpp)
ImGui.lib(wfETC.obj) : warning LNK4099: 'soil2-static-lib.pdb' PDB를 'ImGui.lib(wfETC.obj)' 또는 'D:\Dev\ZVLab\ZScreen\Dist\soil2-static-lib.pdb'에서 찾을 수 없습니다. 디버그 정보가 없는 것처럼 개체를 링크합니다.
ImGui.lib(image_helper.obj) : warning LNK4099: 'soil2-static-lib.pdb' PDB를 'ImGui.lib(image_helper.obj)' 또는 'D:\Dev\ZVLab\ZScreen\Dist\soil2-static-lib.pdb'에서 찾을 수 없습니다. 디버그 정보가 없는 것처럼 개체를 링크합니다.
ImGui.lib(image_DXT.obj) : warning LNK4099: 'soil2-static-lib.pdb' PDB를 'ImGui.lib(image_DXT.obj)' 또는 'D:\Dev\ZVLab\ZScreen\Dist\soil2-static-lib.pdb'에서 찾을 수 없습니다. 디버그 정보가 없는 것처럼 개체를 링크합니다.
ImGui.lib(SOIL2.obj) : warning LNK4099: 'soil2-static-lib.pdb' PDB를 'ImGui.lib(SOIL2.obj)' 또는 'D:\Dev\ZVLab\ZScreen\Dist\soil2-static-lib.pdb'에서 찾을 수 없습니다. 디버그 정보가 없는 것처럼 개체를 링크합니다.
  ZVEngine.vcxproj -> D:\Dev\ZVLab\ZScreen\ZVEngine\ZVEngine\..\..\Dist\ZVEngine.exe
  지정된 경로를 찾을 수 없습니다.
