d:\dev\zvlab\zscreen\dist\debug\dlgparametersetup.obj
d:\dev\zvlab\zscreen\dist\debug\entrypoint.obj
d:\dev\zvlab\zscreen\dist\debug\zvapp.obj
d:\dev\zvlab\zscreen\dist\debug\dlgsidebarleft.obj
d:\dev\zvlab\zscreen\dist\debug\dlgclassification.obj
d:\dev\zvlab\zscreen\dist\debug\zvwindowmenu.obj
d:\dev\zvlab\zscreen\dist\debug\vc141.pdb
d:\dev\zvlab\zscreen\dist\debug\vc141.idb
d:\dev\zvlab\zscreen\dist\debug\dlgdisplaywindow.obj
d:\dev\zvlab\zscreen\dist\debug\..\..\dist\zvengine.pdb
d:\dev\zvlab\zscreen\dist\debug\zvengine.tlog\cl.command.1.tlog
d:\dev\zvlab\zscreen\dist\debug\zvengine.tlog\cl.read.1.tlog
d:\dev\zvlab\zscreen\dist\debug\zvengine.tlog\cl.write.1.tlog
d:\dev\zvlab\zscreen\dist\debug\zvengine.tlog\link-cvtres.read.1.tlog
d:\dev\zvlab\zscreen\dist\debug\zvengine.tlog\link-cvtres.write.1.tlog
d:\dev\zvlab\zscreen\dist\debug\zvengine.tlog\link-rc.read.1.tlog
d:\dev\zvlab\zscreen\dist\debug\zvengine.tlog\link-rc.write.1.tlog
d:\dev\zvlab\zscreen\dist\debug\zvengine.tlog\link.29884-cvtres.read.1.tlog
d:\dev\zvlab\zscreen\dist\debug\zvengine.tlog\link.29884-cvtres.write.1.tlog
d:\dev\zvlab\zscreen\dist\debug\zvengine.tlog\link.29884-rc.read.1.tlog
d:\dev\zvlab\zscreen\dist\debug\zvengine.tlog\link.29884-rc.write.1.tlog
d:\dev\zvlab\zscreen\dist\debug\zvengine.tlog\link.29884.read.1.tlog
d:\dev\zvlab\zscreen\dist\debug\zvengine.tlog\link.29884.write.1.tlog
d:\dev\zvlab\zscreen\dist\debug\zvengine.tlog\link.command.1.tlog
d:\dev\zvlab\zscreen\dist\debug\zvengine.tlog\link.delete.1.tlog
d:\dev\zvlab\zscreen\dist\debug\zvengine.tlog\link.read.1.tlog
d:\dev\zvlab\zscreen\dist\debug\zvengine.tlog\link.write.1.tlog
