  EntryPoint.cpp
  ZVapp.cpp
  DlgDisplayWindow.cpp
d:\dev\zvlab\zscreen\vendor\opencv2\include\opencv2\core.hpp(1742): warning C4819: 현재 코드 페이지(949)에서 표시할 수 없는 문자가 파일에 들어 있습니다. 데이터가 손실되지 않게 하려면 해당 파일을 유니코드 형식으로 저장하십시오. (소스 파일 컴파일 중 core\ZVapp.cpp)
d:\dev\zvlab\zscreen\vendor\opencv2\include\opencv2\core.hpp(1742): warning C4819: 현재 코드 페이지(949)에서 표시할 수 없는 문자가 파일에 들어 있습니다. 데이터가 손실되지 않게 하려면 해당 파일을 유니코드 형식으로 저장하십시오. (소스 파일 컴파일 중 core\EntryPoint.cpp)
d:\dev\zvlab\zscreen\vendor\opencv2\include\opencv2\core.hpp(1742): warning C4819: 현재 코드 페이지(949)에서 표시할 수 없는 문자가 파일에 들어 있습니다. 데이터가 손실되지 않게 하려면 해당 파일을 유니코드 형식으로 저장하십시오. (소스 파일 컴파일 중 src\Dlg\DlgDisplayWindow.cpp)
d:\dev\zvlab\zscreen\vendor\opencv2\include\opencv2\core.hpp(1742): warning C4819: 현재 코드 페이지(949)에서 표시할 수 없는 문자가 파일에 들어 있습니다. 데이터가 손실되지 않게 하려면 해당 파일을 유니코드 형식으로 저장하십시오. (소스 파일 컴파일 중 core\ZVapp.cpp)
d:\dev\zvlab\zscreen\vendor\opencv2\include\opencv2\core.hpp(1742): warning C4819: 현재 코드 페이지(949)에서 표시할 수 없는 문자가 파일에 들어 있습니다. 데이터가 손실되지 않게 하려면 해당 파일을 유니코드 형식으로 저장하십시오. (소스 파일 컴파일 중 core\ZVapp.cpp)
d:\dev\zvlab\zscreen\vendor\opencv2\include\opencv2\core.hpp(1742): warning C4819: 현재 코드 페이지(949)에서 표시할 수 없는 문자가 파일에 들어 있습니다. 데이터가 손실되지 않게 하려면 해당 파일을 유니코드 형식으로 저장하십시오. (소스 파일 컴파일 중 core\EntryPoint.cpp)
d:\dev\zvlab\zscreen\vendor\opencv2\include\opencv2\core.hpp(1742): warning C4819: 현재 코드 페이지(949)에서 표시할 수 없는 문자가 파일에 들어 있습니다. 데이터가 손실되지 않게 하려면 해당 파일을 유니코드 형식으로 저장하십시오. (소스 파일 컴파일 중 src\Dlg\DlgDisplayWindow.cpp)
d:\dev\zvlab\zscreen\vendor\opencv2\include\opencv2\core.hpp(1742): warning C4819: 현재 코드 페이지(949)에서 표시할 수 없는 문자가 파일에 들어 있습니다. 데이터가 손실되지 않게 하려면 해당 파일을 유니코드 형식으로 저장하십시오. (소스 파일 컴파일 중 core\EntryPoint.cpp)
d:\dev\zvlab\zscreen\vendor\opencv2\include\opencv2\core.hpp(1742): warning C4819: 현재 코드 페이지(949)에서 표시할 수 없는 문자가 파일에 들어 있습니다. 데이터가 손실되지 않게 하려면 해당 파일을 유니코드 형식으로 저장하십시오. (소스 파일 컴파일 중 src\Dlg\DlgDisplayWindow.cpp)
d:\dev\zvlab\zscreen\vendor\glfw\include\glfw\glfw3.h(3172): warning C4819: 현재 코드 페이지(949)에서 표시할 수 없는 문자가 파일에 들어 있습니다. 데이터가 손실되지 않게 하려면 해당 파일을 유니코드 형식으로 저장하십시오. (소스 파일 컴파일 중 core\ZVapp.cpp)
d:\dev\zvlab\zscreen\vendor\glfw\include\glfw\glfw3.h(3172): warning C4819: 현재 코드 페이지(949)에서 표시할 수 없는 문자가 파일에 들어 있습니다. 데이터가 손실되지 않게 하려면 해당 파일을 유니코드 형식으로 저장하십시오. (소스 파일 컴파일 중 core\EntryPoint.cpp)
d:\dev\zvlab\zscreen\vendor\glfw\include\glfw\glfw3.h(3172): warning C4819: 현재 코드 페이지(949)에서 표시할 수 없는 문자가 파일에 들어 있습니다. 데이터가 손실되지 않게 하려면 해당 파일을 유니코드 형식으로 저장하십시오. (소스 파일 컴파일 중 src\Dlg\DlgDisplayWindow.cpp)
d:\dev\zvlab\zscreen\zvcore\zvcore\src\platform\imgui\export\zvprofiler.h(38): warning C4099: 'ZVLab::TzvTimeStep': 처음에는 'class'을(를) 사용하여 형식 이름을 표시했는데 이제는 'struct'을(를) 사용하여 표시합니다. (소스 파일 컴파일 중 core\ZVapp.cpp)
  d:\dev\zvlab\zscreen\zvcore\zvcore\src\platform\imgui\export\zvprofiler.h(37): note: 'ZVLab::TzvTimeStep' 선언을 참조하십시오. (소스 파일 컴파일 중 core\ZVapp.cpp)
d:\dev\zvlab\zscreen\zvcore\zvcore\src\platform\imgui\export\zvprofiler.h(38): warning C4099: 'ZVLab::TzvTimeStep': 처음에는 'class'을(를) 사용하여 형식 이름을 표시했는데 이제는 'struct'을(를) 사용하여 표시합니다. (소스 파일 컴파일 중 core\EntryPoint.cpp)
  d:\dev\zvlab\zscreen\zvcore\zvcore\src\platform\imgui\export\zvprofiler.h(37): note: 'ZVLab::TzvTimeStep' 선언을 참조하십시오. (소스 파일 컴파일 중 core\EntryPoint.cpp)
d:\dev\zvlab\zscreen\zvcore\zvcore\src\platform\imgui\export\zvprofiler.h(38): warning C4099: 'ZVLab::TzvTimeStep': 처음에는 'class'을(를) 사용하여 형식 이름을 표시했는데 이제는 'struct'을(를) 사용하여 표시합니다. (소스 파일 컴파일 중 src\Dlg\DlgDisplayWindow.cpp)
  d:\dev\zvlab\zscreen\zvcore\zvcore\src\platform\imgui\export\zvprofiler.h(37): note: 'ZVLab::TzvTimeStep' 선언을 참조하십시오. (소스 파일 컴파일 중 src\Dlg\DlgDisplayWindow.cpp)
d:\dev\zvlab\zscreen\zvengine\zvengine\src\dlg\dlgclassification.h(33): error C2143: 구문 오류: ')'이(가) ';' 앞에 없습니다. (소스 파일 컴파일 중 src\Dlg\DlgDisplayWindow.cpp)
d:\dev\zvlab\zscreen\zvengine\zvengine\src\dlg\dlgclassification.h(33): error C2059: 구문 오류: ';' (소스 파일 컴파일 중 src\Dlg\DlgDisplayWindow.cpp)
d:\dev\zvlab\zscreen\zvengine\zvengine\src\dlg\dlgclassification.h(33): error C2059: 구문 오류: ')' (소스 파일 컴파일 중 src\Dlg\DlgDisplayWindow.cpp)
d:\dev\zvlab\zscreen\zvengine\zvengine\src\dlg\dlgclassification.h(34): error C2143: 구문 오류: ')'이(가) ';' 앞에 없습니다. (소스 파일 컴파일 중 src\Dlg\DlgDisplayWindow.cpp)
d:\dev\zvlab\zscreen\zvengine\zvengine\src\dlg\dlgclassification.h(34): error C2059: 구문 오류: ';' (소스 파일 컴파일 중 src\Dlg\DlgDisplayWindow.cpp)
d:\dev\zvlab\zscreen\zvengine\zvengine\src\dlg\dlgclassification.h(34): error C2059: 구문 오류: ')' (소스 파일 컴파일 중 src\Dlg\DlgDisplayWindow.cpp)
d:\dev\zvlab\zscreen\zvengine\zvengine\src\dlg\dlgclassification.h(35): error C2143: 구문 오류: ')'이(가) ';' 앞에 없습니다. (소스 파일 컴파일 중 src\Dlg\DlgDisplayWindow.cpp)
d:\dev\zvlab\zscreen\zvengine\zvengine\src\dlg\dlgclassification.h(35): error C2059: 구문 오류: ';' (소스 파일 컴파일 중 src\Dlg\DlgDisplayWindow.cpp)
d:\dev\zvlab\zscreen\zvengine\zvengine\src\dlg\dlgclassification.h(35): error C2059: 구문 오류: ')' (소스 파일 컴파일 중 src\Dlg\DlgDisplayWindow.cpp)
d:\dev\zvlab\zscreen\zvengine\zvengine\src\dlg\dlgdisplaywindow.cpp(6): error C2059: 구문 오류: '+'
