  ZVsystem.cpp
  ZVComboBox.cpp
  ZVImguiManager.cpp
  ZVProfiler_internal.cpp
  ZVButton.cpp
  ZVDialog.cpp
  ZVHotKey.cpp
  ZVImageButton.cpp
  ZVMenuItem.cpp
  ZVProfiler.cpp
d:\dev\zvlab\zscreen\vendor\opencv2\include\opencv2\core.hpp(1742): warning C4819: 현재 코드 페이지(949)에서 표시할 수 없는 문자가 파일에 들어 있습니다. 데이터가 손실되지 않게 하려면 해당 파일을 유니코드 형식으로 저장하십시오. (소스 파일 컴파일 중 src\core\ZVsystem.cpp)
d:\dev\zvlab\zscreen\vendor\opencv2\include\opencv2\core.hpp(1742): warning C4819: 현재 코드 페이지(949)에서 표시할 수 없는 문자가 파일에 들어 있습니다. 데이터가 손실되지 않게 하려면 해당 파일을 유니코드 형식으로 저장하십시오. (소스 파일 컴파일 중 src\platform\imgui\ZVProfiler_internal.cpp)
d:\dev\zvlab\zscreen\vendor\opencv2\include\opencv2\core.hpp(1742): warning C4819: 현재 코드 페이지(949)에서 표시할 수 없는 문자가 파일에 들어 있습니다. 데이터가 손실되지 않게 하려면 해당 파일을 유니코드 형식으로 저장하십시오. (소스 파일 컴파일 중 src\platform\imgui\ZVImguiManager.cpp)
d:\dev\zvlab\zscreen\vendor\opencv2\include\opencv2\core.hpp(1742): warning C4819: 현재 코드 페이지(949)에서 표시할 수 없는 문자가 파일에 들어 있습니다. 데이터가 손실되지 않게 하려면 해당 파일을 유니코드 형식으로 저장하십시오. (소스 파일 컴파일 중 src\platform\imgui\export\ZVComboBox.cpp)
d:\dev\zvlab\zscreen\vendor\opencv2\include\opencv2\core.hpp(1742): warning C4819: 현재 코드 페이지(949)에서 표시할 수 없는 문자가 파일에 들어 있습니다. 데이터가 손실되지 않게 하려면 해당 파일을 유니코드 형식으로 저장하십시오. (소스 파일 컴파일 중 src\platform\imgui\export\ZVImageButton.cpp)
d:\dev\zvlab\zscreen\vendor\opencv2\include\opencv2\core.hpp(1742): warning C4819: 현재 코드 페이지(949)에서 표시할 수 없는 문자가 파일에 들어 있습니다. 데이터가 손실되지 않게 하려면 해당 파일을 유니코드 형식으로 저장하십시오. (소스 파일 컴파일 중 src\platform\imgui\export\ZVProfiler.cpp)
d:\dev\zvlab\zscreen\vendor\opencv2\include\opencv2\core.hpp(1742): warning C4819: 현재 코드 페이지(949)에서 표시할 수 없는 문자가 파일에 들어 있습니다. 데이터가 손실되지 않게 하려면 해당 파일을 유니코드 형식으로 저장하십시오. (소스 파일 컴파일 중 src\platform\imgui\export\ZVMenuItem.cpp)
d:\dev\zvlab\zscreen\vendor\opencv2\include\opencv2\core.hpp(1742): warning C4819: 현재 코드 페이지(949)에서 표시할 수 없는 문자가 파일에 들어 있습니다. 데이터가 손실되지 않게 하려면 해당 파일을 유니코드 형식으로 저장하십시오. (소스 파일 컴파일 중 src\platform\imgui\export\ZVDialog.cpp)
d:\dev\zvlab\zscreen\vendor\opencv2\include\opencv2\core.hpp(1742): warning C4819: 현재 코드 페이지(949)에서 표시할 수 없는 문자가 파일에 들어 있습니다. 데이터가 손실되지 않게 하려면 해당 파일을 유니코드 형식으로 저장하십시오. (소스 파일 컴파일 중 src\platform\imgui\export\ZVHotKey.cpp)
d:\dev\zvlab\zscreen\vendor\opencv2\include\opencv2\core.hpp(1742): warning C4819: 현재 코드 페이지(949)에서 표시할 수 없는 문자가 파일에 들어 있습니다. 데이터가 손실되지 않게 하려면 해당 파일을 유니코드 형식으로 저장하십시오. (소스 파일 컴파일 중 src\platform\imgui\export\ZVButton.cpp)
d:\dev\zvlab\zscreen\vendor\opencv2\include\opencv2\core.hpp(1742): warning C4819: 현재 코드 페이지(949)에서 표시할 수 없는 문자가 파일에 들어 있습니다. 데이터가 손실되지 않게 하려면 해당 파일을 유니코드 형식으로 저장하십시오. (소스 파일 컴파일 중 src\core\ZVsystem.cpp)
d:\dev\zvlab\zscreen\vendor\opencv2\include\opencv2\core.hpp(1742): warning C4819: 현재 코드 페이지(949)에서 표시할 수 없는 문자가 파일에 들어 있습니다. 데이터가 손실되지 않게 하려면 해당 파일을 유니코드 형식으로 저장하십시오. (소스 파일 컴파일 중 src\platform\imgui\ZVImguiManager.cpp)
d:\dev\zvlab\zscreen\vendor\opencv2\include\opencv2\core.hpp(1742): warning C4819: 현재 코드 페이지(949)에서 표시할 수 없는 문자가 파일에 들어 있습니다. 데이터가 손실되지 않게 하려면 해당 파일을 유니코드 형식으로 저장하십시오. (소스 파일 컴파일 중 src\platform\imgui\ZVProfiler_internal.cpp)
d:\dev\zvlab\zscreen\vendor\opencv2\include\opencv2\core.hpp(1742): warning C4819: 현재 코드 페이지(949)에서 표시할 수 없는 문자가 파일에 들어 있습니다. 데이터가 손실되지 않게 하려면 해당 파일을 유니코드 형식으로 저장하십시오. (소스 파일 컴파일 중 src\core\ZVsystem.cpp)
d:\dev\zvlab\zscreen\vendor\opencv2\include\opencv2\core.hpp(1742): warning C4819: 현재 코드 페이지(949)에서 표시할 수 없는 문자가 파일에 들어 있습니다. 데이터가 손실되지 않게 하려면 해당 파일을 유니코드 형식으로 저장하십시오. (소스 파일 컴파일 중 src\platform\imgui\ZVProfiler_internal.cpp)
d:\dev\zvlab\zscreen\vendor\opencv2\include\opencv2\core.hpp(1742): warning C4819: 현재 코드 페이지(949)에서 표시할 수 없는 문자가 파일에 들어 있습니다. 데이터가 손실되지 않게 하려면 해당 파일을 유니코드 형식으로 저장하십시오. (소스 파일 컴파일 중 src\platform\imgui\ZVImguiManager.cpp)
d:\dev\zvlab\zscreen\vendor\opencv2\include\opencv2\core.hpp(1742): warning C4819: 현재 코드 페이지(949)에서 표시할 수 없는 문자가 파일에 들어 있습니다. 데이터가 손실되지 않게 하려면 해당 파일을 유니코드 형식으로 저장하십시오. (소스 파일 컴파일 중 src\platform\imgui\export\ZVMenuItem.cpp)
d:\dev\zvlab\zscreen\vendor\opencv2\include\opencv2\core.hpp(1742): warning C4819: 현재 코드 페이지(949)에서 표시할 수 없는 문자가 파일에 들어 있습니다. 데이터가 손실되지 않게 하려면 해당 파일을 유니코드 형식으로 저장하십시오. (소스 파일 컴파일 중 src\platform\imgui\export\ZVProfiler.cpp)
d:\dev\zvlab\zscreen\vendor\opencv2\include\opencv2\core.hpp(1742): warning C4819: 현재 코드 페이지(949)에서 표시할 수 없는 문자가 파일에 들어 있습니다. 데이터가 손실되지 않게 하려면 해당 파일을 유니코드 형식으로 저장하십시오. (소스 파일 컴파일 중 src\platform\imgui\export\ZVImageButton.cpp)
d:\dev\zvlab\zscreen\vendor\opencv2\include\opencv2\core.hpp(1742): warning C4819: 현재 코드 페이지(949)에서 표시할 수 없는 문자가 파일에 들어 있습니다. 데이터가 손실되지 않게 하려면 해당 파일을 유니코드 형식으로 저장하십시오. (소스 파일 컴파일 중 src\platform\imgui\export\ZVComboBox.cpp)
d:\dev\zvlab\zscreen\vendor\opencv2\include\opencv2\core.hpp(1742): warning C4819: 현재 코드 페이지(949)에서 표시할 수 없는 문자가 파일에 들어 있습니다. 데이터가 손실되지 않게 하려면 해당 파일을 유니코드 형식으로 저장하십시오. (소스 파일 컴파일 중 src\platform\imgui\export\ZVDialog.cpp)
d:\dev\zvlab\zscreen\vendor\opencv2\include\opencv2\core.hpp(1742): warning C4819: 현재 코드 페이지(949)에서 표시할 수 없는 문자가 파일에 들어 있습니다. 데이터가 손실되지 않게 하려면 해당 파일을 유니코드 형식으로 저장하십시오. (소스 파일 컴파일 중 src\platform\imgui\export\ZVMenuItem.cpp)
d:\dev\zvlab\zscreen\vendor\opencv2\include\opencv2\core.hpp(1742): warning C4819: 현재 코드 페이지(949)에서 표시할 수 없는 문자가 파일에 들어 있습니다. 데이터가 손실되지 않게 하려면 해당 파일을 유니코드 형식으로 저장하십시오. (소스 파일 컴파일 중 src\platform\imgui\export\ZVProfiler.cpp)
d:\dev\zvlab\zscreen\vendor\opencv2\include\opencv2\core.hpp(1742): warning C4819: 현재 코드 페이지(949)에서 표시할 수 없는 문자가 파일에 들어 있습니다. 데이터가 손실되지 않게 하려면 해당 파일을 유니코드 형식으로 저장하십시오. (소스 파일 컴파일 중 src\platform\imgui\export\ZVHotKey.cpp)
d:\dev\zvlab\zscreen\vendor\opencv2\include\opencv2\core.hpp(1742): warning C4819: 현재 코드 페이지(949)에서 표시할 수 없는 문자가 파일에 들어 있습니다. 데이터가 손실되지 않게 하려면 해당 파일을 유니코드 형식으로 저장하십시오. (소스 파일 컴파일 중 src\platform\imgui\export\ZVImageButton.cpp)
d:\dev\zvlab\zscreen\vendor\opencv2\include\opencv2\core.hpp(1742): warning C4819: 현재 코드 페이지(949)에서 표시할 수 없는 문자가 파일에 들어 있습니다. 데이터가 손실되지 않게 하려면 해당 파일을 유니코드 형식으로 저장하십시오. (소스 파일 컴파일 중 src\platform\imgui\export\ZVComboBox.cpp)
d:\dev\zvlab\zscreen\vendor\opencv2\include\opencv2\core.hpp(1742): warning C4819: 현재 코드 페이지(949)에서 표시할 수 없는 문자가 파일에 들어 있습니다. 데이터가 손실되지 않게 하려면 해당 파일을 유니코드 형식으로 저장하십시오. (소스 파일 컴파일 중 src\platform\imgui\export\ZVButton.cpp)
d:\dev\zvlab\zscreen\vendor\opencv2\include\opencv2\core.hpp(1742): warning C4819: 현재 코드 페이지(949)에서 표시할 수 없는 문자가 파일에 들어 있습니다. 데이터가 손실되지 않게 하려면 해당 파일을 유니코드 형식으로 저장하십시오. (소스 파일 컴파일 중 src\platform\imgui\export\ZVDialog.cpp)
d:\dev\zvlab\zscreen\vendor\opencv2\include\opencv2\core.hpp(1742): warning C4819: 현재 코드 페이지(949)에서 표시할 수 없는 문자가 파일에 들어 있습니다. 데이터가 손실되지 않게 하려면 해당 파일을 유니코드 형식으로 저장하십시오. (소스 파일 컴파일 중 src\platform\imgui\export\ZVHotKey.cpp)
d:\dev\zvlab\zscreen\vendor\opencv2\include\opencv2\core.hpp(1742): warning C4819: 현재 코드 페이지(949)에서 표시할 수 없는 문자가 파일에 들어 있습니다. 데이터가 손실되지 않게 하려면 해당 파일을 유니코드 형식으로 저장하십시오. (소스 파일 컴파일 중 src\platform\imgui\export\ZVButton.cpp)
d:\dev\zvlab\zscreen\vendor\glfw\include\glfw\glfw3.h(3172): warning C4819: 현재 코드 페이지(949)에서 표시할 수 없는 문자가 파일에 들어 있습니다. 데이터가 손실되지 않게 하려면 해당 파일을 유니코드 형식으로 저장하십시오. (소스 파일 컴파일 중 src\platform\imgui\export\ZVProfiler.cpp)
d:\dev\zvlab\zscreen\vendor\glfw\include\glfw\glfw3.h(3172): warning C4819: 현재 코드 페이지(949)에서 표시할 수 없는 문자가 파일에 들어 있습니다. 데이터가 손실되지 않게 하려면 해당 파일을 유니코드 형식으로 저장하십시오. (소스 파일 컴파일 중 src\core\ZVsystem.cpp)
d:\dev\zvlab\zscreen\vendor\glfw\include\glfw\glfw3.h(3172): warning C4819: 현재 코드 페이지(949)에서 표시할 수 없는 문자가 파일에 들어 있습니다. 데이터가 손실되지 않게 하려면 해당 파일을 유니코드 형식으로 저장하십시오. (소스 파일 컴파일 중 src\platform\imgui\export\ZVHotKey.cpp)
d:\dev\zvlab\zscreen\vendor\glfw\include\glfw\glfw3.h(3172): warning C4819: 현재 코드 페이지(949)에서 표시할 수 없는 문자가 파일에 들어 있습니다. 데이터가 손실되지 않게 하려면 해당 파일을 유니코드 형식으로 저장하십시오. (소스 파일 컴파일 중 src\platform\imgui\export\ZVMenuItem.cpp)
d:\dev\zvlab\zscreen\vendor\glfw\include\glfw\glfw3.h(3172): warning C4819: 현재 코드 페이지(949)에서 표시할 수 없는 문자가 파일에 들어 있습니다. 데이터가 손실되지 않게 하려면 해당 파일을 유니코드 형식으로 저장하십시오. (소스 파일 컴파일 중 src\platform\imgui\export\ZVImageButton.cpp)
d:\dev\zvlab\zscreen\vendor\glfw\include\glfw\glfw3.h(3172): warning C4819: 현재 코드 페이지(949)에서 표시할 수 없는 문자가 파일에 들어 있습니다. 데이터가 손실되지 않게 하려면 해당 파일을 유니코드 형식으로 저장하십시오. (소스 파일 컴파일 중 src\platform\imgui\export\ZVComboBox.cpp)
d:\dev\zvlab\zscreen\vendor\glfw\include\glfw\glfw3.h(3172): warning C4819: 현재 코드 페이지(949)에서 표시할 수 없는 문자가 파일에 들어 있습니다. 데이터가 손실되지 않게 하려면 해당 파일을 유니코드 형식으로 저장하십시오. (소스 파일 컴파일 중 src\platform\imgui\ZVImguiManager.cpp)
d:\dev\zvlab\zscreen\vendor\glfw\include\glfw\glfw3.h(3172): warning C4819: 현재 코드 페이지(949)에서 표시할 수 없는 문자가 파일에 들어 있습니다. 데이터가 손실되지 않게 하려면 해당 파일을 유니코드 형식으로 저장하십시오. (소스 파일 컴파일 중 src\platform\imgui\export\ZVButton.cpp)
d:\dev\zvlab\zscreen\vendor\glfw\include\glfw\glfw3.h(3172): warning C4819: 현재 코드 페이지(949)에서 표시할 수 없는 문자가 파일에 들어 있습니다. 데이터가 손실되지 않게 하려면 해당 파일을 유니코드 형식으로 저장하십시오. (소스 파일 컴파일 중 src\platform\imgui\ZVProfiler_internal.cpp)
d:\dev\zvlab\zscreen\vendor\glfw\include\glfw\glfw3.h(3172): warning C4819: 현재 코드 페이지(949)에서 표시할 수 없는 문자가 파일에 들어 있습니다. 데이터가 손실되지 않게 하려면 해당 파일을 유니코드 형식으로 저장하십시오. (소스 파일 컴파일 중 src\platform\imgui\export\ZVDialog.cpp)
d:\dev\zvlab\zscreen\zvcore\zvcore\src\platform\imgui\export\zvprofiler.h(38): warning C4099: 'ZVLab::TzvTimeStep': 처음에는 'class'을(를) 사용하여 형식 이름을 표시했는데 이제는 'struct'을(를) 사용하여 표시합니다. (소스 파일 컴파일 중 src\platform\imgui\export\ZVProfiler.cpp)
  d:\dev\zvlab\zscreen\zvcore\zvcore\src\platform\imgui\export\zvprofiler.h(37): note: 'ZVLab::TzvTimeStep' 선언을 참조하십시오. (소스 파일 컴파일 중 src\platform\imgui\export\ZVProfiler.cpp)
d:\dev\zvlab\zscreen\zvcore\zvcore\src\platform\imgui\export\zvcombobox.cpp(41): error C2065: 'm_tOptions': 선언되지 않은 식별자입니다.
d:\dev\zvlab\zscreen\zvcore\zvcore\src\platform\imgui\export\zvprofiler.h(38): warning C4099: 'ZVLab::TzvTimeStep': 처음에는 'class'을(를) 사용하여 형식 이름을 표시했는데 이제는 'struct'을(를) 사용하여 표시합니다. (소스 파일 컴파일 중 src\platform\imgui\ZVProfiler_internal.cpp)
  d:\dev\zvlab\zscreen\zvcore\zvcore\src\platform\imgui\export\zvprofiler.h(37): note: 'ZVLab::TzvTimeStep' 선언을 참조하십시오. (소스 파일 컴파일 중 src\platform\imgui\ZVProfiler_internal.cpp)
d:\dev\zvlab\zscreen\zvcore\zvcore\src\platform\imgui\export\zvprofiler.h(38): warning C4099: 'ZVLab::TzvTimeStep': 처음에는 'class'을(를) 사용하여 형식 이름을 표시했는데 이제는 'struct'을(를) 사용하여 표시합니다. (소스 파일 컴파일 중 src\core\ZVsystem.cpp)
  d:\dev\zvlab\zscreen\zvcore\zvcore\src\platform\imgui\export\zvprofiler.h(37): note: 'ZVLab::TzvTimeStep' 선언을 참조하십시오. (소스 파일 컴파일 중 src\core\ZVsystem.cpp)
d:\dev\zvlab\zscreen\zvcore\zvcore\src\platform\imgui\zvimguimanager.cpp(63): warning C4312: '형식 캐스트': 'GLuint'에서 더 큰 'void *'(으)로의 변환입니다.
d:\dev\zvlab\zscreen\zvcore\zvcore\src\platform\imgui\export\zvdialog.cpp(31): warning C4834: 'nodiscard' 특성이 포함된 함수의 반환 값을 버리는 중
d:\dev\zvlab\zscreen\zvcore\zvcore\src\platform\imgui\export\zvdialog.cpp(48): warning C4834: 'nodiscard' 특성이 포함된 함수의 반환 값을 버리는 중
d:\dev\zvlab\zscreen\zvcore\zvcore\src\platform\imgui\export\zvdialog.cpp(65): warning C4834: 'nodiscard' 특성이 포함된 함수의 반환 값을 버리는 중
d:\dev\zvlab\zscreen\zvcore\zvcore\src\platform\imgui\export\zvdialog.cpp(82): warning C4834: 'nodiscard' 특성이 포함된 함수의 반환 값을 버리는 중
d:\dev\zvlab\zscreen\zvcore\zvcore\src\platform\imgui\export\zvdialog.cpp(99): warning C4834: 'nodiscard' 특성이 포함된 함수의 반환 값을 버리는 중
d:\dev\zvlab\zscreen\zvcore\zvcore\src\platform\imgui\export\zvdialog.cpp(116): warning C4834: 'nodiscard' 특성이 포함된 함수의 반환 값을 버리는 중
d:\dev\zvlab\zscreen\zvcore\zvcore\src\core\zvsystem.cpp(64): warning C4312: '형식 캐스트': 'GLuint'에서 더 큰 'void *'(으)로의 변환입니다.
d:\dev\zvlab\zscreen\zvcore\zvcore\src\core\zvsystem.cpp(67): warning C4311: '형식 캐스트': 'void *'에서 'GLuint'(으)로 포인터가 잘립니다.
d:\dev\zvlab\zscreen\zvcore\zvcore\src\core\zvsystem.cpp(67): warning C4302: '형식 캐스트': 'void *'에서 'GLuint'(으)로 잘립니다.
