d:\dev\zvlab\zscreen\zvcore\zvcore\obj\debug\zvfont.obj
d:\dev\zvlab\zscreen\zvcore\zvcore\obj\debug\zvwindow_win.obj
d:\dev\zvlab\zscreen\zvcore\zvcore\obj\debug\zvimagebutton.obj
d:\dev\zvlab\zscreen\zvcore\zvcore\obj\debug\zvtogglebutton.obj
d:\dev\zvlab\zscreen\zvcore\zvcore\obj\debug\zvimguimanager.obj
d:\dev\zvlab\zscreen\zvcore\zvcore\obj\debug\zvtabitem.obj
d:\dev\zvlab\zscreen\zvcore\zvcore\obj\debug\zvprofiler_internal.obj
d:\dev\zvlab\zscreen\zvcore\zvcore\obj\debug\zvtexture.obj
d:\dev\zvlab\zscreen\zvcore\zvcore\obj\debug\zvimage.obj
d:\dev\zvlab\zscreen\zvcore\zvcore\obj\debug\zvmenubar.obj
d:\dev\zvlab\zscreen\zvcore\zvcore\obj\debug\zvcombobox.obj
d:\dev\zvlab\zscreen\zvcore\zvcore\obj\debug\zvtableheader.obj
d:\dev\zvlab\zscreen\zvcore\zvcore\obj\debug\zvlayerbuffer.obj
d:\dev\zvlab\zscreen\zvcore\zvcore\obj\debug\zvprofiler.obj
d:\dev\zvlab\zscreen\zvcore\zvcore\obj\debug\zvdialog.obj
d:\dev\zvlab\zscreen\zvcore\zvcore\obj\debug\zvimguitheme.obj
d:\dev\zvlab\zscreen\zvcore\zvcore\obj\debug\zvkeymap.obj
d:\dev\zvlab\zscreen\zvcore\zvcore\obj\debug\zvhotkey.obj
d:\dev\zvlab\zscreen\zvcore\zvcore\obj\debug\zvinputtext.obj
d:\dev\zvlab\zscreen\zvcore\zvcore\obj\debug\zvsystem.obj
d:\dev\zvlab\zscreen\zvcore\zvcore\obj\debug\zvbutton.obj
d:\dev\zvlab\zscreen\zvcore\zvcore\obj\debug\zvwindow.obj
d:\dev\zvlab\zscreen\zvcore\zvcore\obj\debug\zvmenuitem.obj
d:\dev\zvlab\zscreen\zvcore\zvcore\obj\debug\zvfiledialog.obj
d:\dev\zvlab\zscreen\zvcore\zvcore\obj\debug\zvtabbar.obj
d:\dev\zvlab\zscreen\zvcore\zvcore\obj\debug\zvtexture_internal.obj
d:\dev\zvlab\zscreen\zvcore\zvcore\obj\debug\zvtable.obj
d:\dev\zvlab\zscreen\zvcore\zvcore\bin\debug\zvcore.pdb
d:\dev\zvlab\zscreen\zvcore\zvcore\obj\debug\zviconbutton.obj
d:\dev\zvlab\zscreen\zvcore\zvcore\bin\debug\zvcore.lib
d:\dev\zvlab\zscreen\zvcore\zvcore\obj\debug\zvbutton.nativecodeanalysis.xml
d:\dev\zvlab\zscreen\zvcore\zvcore\obj\debug\zvcombobox.nativecodeanalysis.xml
d:\dev\zvlab\zscreen\zvcore\zvcore\obj\debug\zvdialog.nativecodeanalysis.xml
d:\dev\zvlab\zscreen\zvcore\zvcore\obj\debug\zvfiledialog.nativecodeanalysis.xml
d:\dev\zvlab\zscreen\zvcore\zvcore\obj\debug\zvfont.nativecodeanalysis.xml
d:\dev\zvlab\zscreen\zvcore\zvcore\obj\debug\zvhotkey.nativecodeanalysis.xml
d:\dev\zvlab\zscreen\zvcore\zvcore\obj\debug\zvimage.nativecodeanalysis.xml
d:\dev\zvlab\zscreen\zvcore\zvcore\obj\debug\zvimagebutton.nativecodeanalysis.xml
d:\dev\zvlab\zscreen\zvcore\zvcore\obj\debug\zvimguimanager.nativecodeanalysis.xml
d:\dev\zvlab\zscreen\zvcore\zvcore\obj\debug\zvimguitheme.nativecodeanalysis.xml
d:\dev\zvlab\zscreen\zvcore\zvcore\obj\debug\zvinputtext.nativecodeanalysis.xml
d:\dev\zvlab\zscreen\zvcore\zvcore\obj\debug\zvkeymap.nativecodeanalysis.xml
d:\dev\zvlab\zscreen\zvcore\zvcore\obj\debug\zvlayerbuffer.nativecodeanalysis.xml
d:\dev\zvlab\zscreen\zvcore\zvcore\obj\debug\zvmenubar.nativecodeanalysis.xml
d:\dev\zvlab\zscreen\zvcore\zvcore\obj\debug\zvmenuitem.nativecodeanalysis.xml
d:\dev\zvlab\zscreen\zvcore\zvcore\obj\debug\zvprofiler.nativecodeanalysis.xml
d:\dev\zvlab\zscreen\zvcore\zvcore\obj\debug\zvprofiler_internal.nativecodeanalysis.xml
d:\dev\zvlab\zscreen\zvcore\zvcore\obj\debug\zvsystem.nativecodeanalysis.xml
d:\dev\zvlab\zscreen\zvcore\zvcore\obj\debug\zvtabbar.nativecodeanalysis.xml
d:\dev\zvlab\zscreen\zvcore\zvcore\obj\debug\zvtabitem.nativecodeanalysis.xml
d:\dev\zvlab\zscreen\zvcore\zvcore\obj\debug\zvtable.nativecodeanalysis.xml
d:\dev\zvlab\zscreen\zvcore\zvcore\obj\debug\zvtableheader.nativecodeanalysis.xml
d:\dev\zvlab\zscreen\zvcore\zvcore\obj\debug\zvtexture.nativecodeanalysis.xml
d:\dev\zvlab\zscreen\zvcore\zvcore\obj\debug\zvtexture_internal.nativecodeanalysis.xml
d:\dev\zvlab\zscreen\zvcore\zvcore\obj\debug\zvtogglebutton.nativecodeanalysis.xml
d:\dev\zvlab\zscreen\zvcore\zvcore\obj\debug\zvwindow.nativecodeanalysis.xml
d:\dev\zvlab\zscreen\zvcore\zvcore\obj\debug\zvwindow_win.nativecodeanalysis.xml
d:\dev\zvlab\zscreen\zvcore\zvcore\obj\debug\zvcore.tlog\cl.10116.write.1.tlog
d:\dev\zvlab\zscreen\zvcore\zvcore\obj\debug\zvcore.tlog\cl.command.1.tlog
d:\dev\zvlab\zscreen\zvcore\zvcore\obj\debug\zvcore.tlog\cl.items.tlog
d:\dev\zvlab\zscreen\zvcore\zvcore\obj\debug\zvcore.tlog\cl.read.1.tlog
d:\dev\zvlab\zscreen\zvcore\zvcore\obj\debug\zvcore.tlog\lib-link.read.1.tlog
d:\dev\zvlab\zscreen\zvcore\zvcore\obj\debug\zvcore.tlog\lib-link.write.1.tlog
d:\dev\zvlab\zscreen\zvcore\zvcore\obj\debug\zvcore.tlog\lib.command.1.tlog
