c:\users\dev\desktop\zvengine\zvcore\zvcore\obj\release\zvwindow.obj
c:\users\dev\desktop\zvengine\zvcore\zvcore\obj\release\zvdialog.obj
c:\users\dev\desktop\zvengine\zvcore\zvcore\obj\release\zvwindow_win.obj
c:\users\dev\desktop\zvengine\zvcore\zvcore\obj\release\zvimagebutton.obj
c:\users\dev\desktop\zvengine\zvcore\zvcore\obj\release\zvtexture.obj
c:\users\dev\desktop\zvengine\zvcore\zvcore\obj\release\zvtexture_impl.obj
c:\users\dev\desktop\zvengine\zvcore\zvcore\obj\release\zvimguimanager.obj
c:\users\dev\desktop\zvengine\zvcore\zvcore\obj\release\zvmenu.obj
c:\users\dev\desktop\zvengine\zvcore\zvcore\obj\release\zvlayerbuffer.obj
c:\users\dev\desktop\zvengine\zvcore\zvcore\obj\release\zvimguitheme.obj
c:\users\dev\desktop\zvengine\zvcore\zvcore\obj\release\zvbutton.obj
c:\users\dev\desktop\zvengine\zvcore\zvcore\obj\release\zvsystem.obj
c:\users\dev\desktop\zvengine\zvcore\zvcore\obj\release\zvcore.pdb
c:\users\dev\desktop\zvengine\zvcore\zvcore\bin\release\zvcore.lib
c:\users\dev\desktop\zvengine\zvcore\zvcore\obj\release\zvcore.tlog\cl.14780.write.1.tlog
c:\users\dev\desktop\zvengine\zvcore\zvcore\obj\release\zvcore.tlog\cl.command.1.tlog
c:\users\dev\desktop\zvengine\zvcore\zvcore\obj\release\zvcore.tlog\cl.read.1.tlog
c:\users\dev\desktop\zvengine\zvcore\zvcore\obj\release\zvcore.tlog\lib-link.read.1.tlog
c:\users\dev\desktop\zvengine\zvcore\zvcore\obj\release\zvcore.tlog\lib-link.write.1.tlog
c:\users\dev\desktop\zvengine\zvcore\zvcore\obj\release\zvcore.tlog\lib.command.1.tlog
