  ZVDialog.cpp
d:\dev\zvlab\zscreen\vendor\opencv2\include\opencv2\core.hpp(1742): warning C4819: 현재 코드 페이지(949)에서 표시할 수 없는 문자가 파일에 들어 있습니다. 데이터가 손실되지 않게 하려면 해당 파일을 유니코드 형식으로 저장하십시오.
d:\dev\zvlab\zscreen\vendor\opencv2\include\opencv2\core.hpp(1742): warning C4819: 현재 코드 페이지(949)에서 표시할 수 없는 문자가 파일에 들어 있습니다. 데이터가 손실되지 않게 하려면 해당 파일을 유니코드 형식으로 저장하십시오.
d:\dev\zvlab\zscreen\vendor\opencv2\include\opencv2\core.hpp(1742): warning C4819: 현재 코드 페이지(949)에서 표시할 수 없는 문자가 파일에 들어 있습니다. 데이터가 손실되지 않게 하려면 해당 파일을 유니코드 형식으로 저장하십시오.
d:\dev\zvlab\zscreen\vendor\glfw\include\glfw\glfw3.h(3172): warning C4819: 현재 코드 페이지(949)에서 표시할 수 없는 문자가 파일에 들어 있습니다. 데이터가 손실되지 않게 하려면 해당 파일을 유니코드 형식으로 저장하십시오.
d:\dev\zvlab\zscreen\zvcore\zvcore\src\platform\imgui\export\zvdialog.cpp(31): warning C4002: 함수 같은 매크로 호출 'FZLOG_FAILED'에 대해 인수가 너무 많습니다.
d:\dev\zvlab\zscreen\zvcore\zvcore\src\platform\imgui\export\zvdialog.cpp(31): warning C4834: 'nodiscard' 특성이 포함된 함수의 반환 값을 버리는 중
d:\dev\zvlab\zscreen\zvcore\zvcore\src\platform\imgui\export\zvdialog.cpp(36): warning C4002: 함수 같은 매크로 호출 'FZLOG_FAILED'에 대해 인수가 너무 많습니다.
d:\dev\zvlab\zscreen\zvcore\zvcore\src\platform\imgui\export\zvdialog.cpp(48): warning C4002: 함수 같은 매크로 호출 'FZLOG_FAILED'에 대해 인수가 너무 많습니다.
d:\dev\zvlab\zscreen\zvcore\zvcore\src\platform\imgui\export\zvdialog.cpp(48): warning C4834: 'nodiscard' 특성이 포함된 함수의 반환 값을 버리는 중
d:\dev\zvlab\zscreen\zvcore\zvcore\src\platform\imgui\export\zvdialog.cpp(53): warning C4002: 함수 같은 매크로 호출 'FZLOG_FAILED'에 대해 인수가 너무 많습니다.
d:\dev\zvlab\zscreen\zvcore\zvcore\src\platform\imgui\export\zvdialog.cpp(65): warning C4002: 함수 같은 매크로 호출 'FZLOG_FAILED'에 대해 인수가 너무 많습니다.
d:\dev\zvlab\zscreen\zvcore\zvcore\src\platform\imgui\export\zvdialog.cpp(65): warning C4834: 'nodiscard' 특성이 포함된 함수의 반환 값을 버리는 중
d:\dev\zvlab\zscreen\zvcore\zvcore\src\platform\imgui\export\zvdialog.cpp(70): warning C4002: 함수 같은 매크로 호출 'FZLOG_FAILED'에 대해 인수가 너무 많습니다.
d:\dev\zvlab\zscreen\zvcore\zvcore\src\platform\imgui\export\zvdialog.cpp(82): warning C4002: 함수 같은 매크로 호출 'FZLOG_FAILED'에 대해 인수가 너무 많습니다.
d:\dev\zvlab\zscreen\zvcore\zvcore\src\platform\imgui\export\zvdialog.cpp(82): warning C4834: 'nodiscard' 특성이 포함된 함수의 반환 값을 버리는 중
d:\dev\zvlab\zscreen\zvcore\zvcore\src\platform\imgui\export\zvdialog.cpp(87): warning C4002: 함수 같은 매크로 호출 'FZLOG_FAILED'에 대해 인수가 너무 많습니다.
d:\dev\zvlab\zscreen\zvcore\zvcore\src\platform\imgui\export\zvdialog.cpp(99): warning C4002: 함수 같은 매크로 호출 'FZLOG_FAILED'에 대해 인수가 너무 많습니다.
d:\dev\zvlab\zscreen\zvcore\zvcore\src\platform\imgui\export\zvdialog.cpp(99): warning C4834: 'nodiscard' 특성이 포함된 함수의 반환 값을 버리는 중
d:\dev\zvlab\zscreen\zvcore\zvcore\src\platform\imgui\export\zvdialog.cpp(104): warning C4002: 함수 같은 매크로 호출 'FZLOG_FAILED'에 대해 인수가 너무 많습니다.
d:\dev\zvlab\zscreen\zvcore\zvcore\src\platform\imgui\export\zvdialog.cpp(116): warning C4002: 함수 같은 매크로 호출 'FZLOG_FAILED'에 대해 인수가 너무 많습니다.
d:\dev\zvlab\zscreen\zvcore\zvcore\src\platform\imgui\export\zvdialog.cpp(116): warning C4834: 'nodiscard' 특성이 포함된 함수의 반환 값을 버리는 중
d:\dev\zvlab\zscreen\zvcore\zvcore\src\platform\imgui\export\zvdialog.cpp(121): warning C4002: 함수 같은 매크로 호출 'FZLOG_FAILED'에 대해 인수가 너무 많습니다.
d:\dev\zvlab\zscreen\zvcore\zvcore\src\platform\imgui\export\zvdialog.cpp(141): warning C4002: 함수 같은 매크로 호출 'FZLOG_FAILED'에 대해 인수가 너무 많습니다.
FZLib.lib(bundled_fmtlib_format.obj) : warning LNK4006: "bool __cdecl fmt::v9::detail::is_printable(unsigned int)" (?is_printable@detail@v9@fmt@@YA_NI@Z)이(가) FZLib.lib(LogHelper.obj)에 이미 정의되어 있습니다. 초 정의가 무시됩니다.
FZLib.lib(spdlog.obj) : warning LNK4006: "void __cdecl spdlog::throw_spdlog_ex(class std::basic_string<char,struct std::char_traits<char>,class std::allocator<char> >)" (?throw_spdlog_ex@spdlog@@YAXV?$basic_string@DU?$char_traits@D@std@@V?$allocator@D@2@@std@@@Z)이(가) FZLib.lib(LogHelper.obj)에 이미 정의되어 있습니다. 초 정의가 무시됩니다.
Opengl32.lib(OPENGL32.dll) : warning LNK4006: __NULL_IMPORT_DESCRIPTOR이(가) opencv.lib(opencv_world490.dll)에 이미 정의되어 있습니다. 초 정의가 무시됩니다.
Opengl32.lib(OPENGL32.dll) : warning LNK4221: 이 개체 파일은 이전에 정의되지 않은 공용 기호를 정의하지 않으므로 이 라이브러리를 사용하는 어떠한 링크 작업에도 사용되지 않습니다.
  ZVCore.vcxproj -> D:\Dev\ZVLab\ZScreen\ZVCore\ZVCore\bin\Release\ZVCore.lib
